<?xml version="1.0" encoding="UTF-8"?>
<testsuite name="com.gjf.utils.PasswordHashTest" tests="1" skipped="0" failures="0" errors="0" timestamp="2018-05-02T04:52:30" hostname="GJF" time="2.587">
  <properties/>
  <testcase name="test" classname="com.gjf.utils.PasswordHashTest" time="2.587"/>
  <system-out><![CDATA[1000:5fe2566cc4142649bd59b11989329a21b63b0c53c5b128ff:ebf373576184c8307e5c73644987c96b6dd3ed45736497bd
1000:16de333f2080a4659a2797d23b9246b57b10b731d0191550:4a9d7aed4db18c6865868ae56b7f53c5976366aa2b4a7d7a
1000:e2f0d9ebb9d38081618b0695af30e99dcc504100fae972ad:10d445c51cf2a81a34f0853baebe0cf82813e24b2aab10aa
1000:f4b17962cefc77ad5188706c624af9f464be42a7dcfd2ede:5ab9332c1563031e2a48cc9f79180d20a4b38dfc66f6875d
1000:151543fa6d66de4c60027dc52ad728cf2b0437e28bfafe05:c4164dfc4784961d9e4b88676142ad5c1e356e3ec7fc5206
1000:6e2d17aa4d521605f63134784123eab0db0d59b857c92803:375d06239955f8aaa48c435f01236d99eeb7f7fe6288c6bd
1000:3914a6349c71e08167e3334d348018ea9885a9547fa5a502:8b6101b474d48785ac254486f477bf5bfb9b995b411b0d0a
1000:3ec3a58b5f47bdbe3c5d1161a8c83a0a6c1864a6b42fc8e5:71d6e54297e5a42f242caec72cae1a5f3caaf554aabe34a3
1000:d1b5ac9fc7b951be6367cbf89f2ed644993ec89bae8c997b:51dea571bf9efbedc93605e99b1ebd5f5690fc4dfaf28982
1000:ec81b28a49e5ba2bd6e4dd90de13e790d0674de7a70592fa:4b16124d9a4697ad99b380e89eb43c2bc9d40a1667aff061
Running tests...
TESTS PASSED!
]]></system-out>
  <system-err><![CDATA[]]></system-err>
</testsuite>
