<?xml version="1.0" encoding="UTF-8"?>
<testsuite name="com.gjf.config.ConfigTest" tests="1" skipped="0" failures="1" errors="0" timestamp="2018-05-02T04:52:04" hostname="GJF" time="0.007">
  <properties/>
  <testcase name="test" classname="com.gjf.config.ConfigTest" time="0.007">
    <failure message="java.lang.IllegalStateException: Failed to load ApplicationContext" type="java.lang.IllegalStateException">java.lang.IllegalStateException: Failed to load ApplicationContext
	at org.springframework.test.context.cache.DefaultCacheAwareContextLoaderDelegate.loadContext(DefaultCacheAwareContextLoaderDelegate.java:125)
	at org.springframework.test.context.support.DefaultTestContext.getApplicationContext(DefaultTestContext.java:108)
	at org.springframework.test.context.web.ServletTestExecutionListener.setUpRequestContextIfNecessary(ServletTestExecutionListener.java:190)
	at org.springframework.test.context.web.ServletTestExecutionListener.prepareTestInstance(ServletTestExecutionListener.java:132)
	at org.springframework.test.context.TestContextManager.prepareTestInstance(TestContextManager.java:246)
	at org.springframework.test.context.junit4.SpringJUnit4ClassRunner.createTest(SpringJUnit4ClassRunner.java:227)
	at org.springframework.test.context.junit4.SpringJUnit4ClassRunner$1.runReflectiveCall(SpringJUnit4ClassRunner.java:289)
	at org.junit.internal.runners.model.ReflectiveCallable.run(ReflectiveCallable.java:12)
	at org.springframework.test.context.junit4.SpringJUnit4ClassRunner.methodBlock(SpringJUnit4ClassRunner.java:291)
	at org.springframework.test.context.junit4.SpringJUnit4ClassRunner.runChild(SpringJUnit4ClassRunner.java:246)
	at org.springframework.test.context.junit4.SpringJUnit4ClassRunner.runChild(SpringJUnit4ClassRunner.java:97)
	at org.junit.runners.ParentRunner$3.run(ParentRunner.java:290)
	at org.junit.runners.ParentRunner$1.schedule(ParentRunner.java:71)
	at org.junit.runners.ParentRunner.runChildren(ParentRunner.java:288)
	at org.junit.runners.ParentRunner.access$000(ParentRunner.java:58)
	at org.junit.runners.ParentRunner$2.evaluate(ParentRunner.java:268)
	at org.springframework.test.context.junit4.statements.RunBeforeTestClassCallbacks.evaluate(RunBeforeTestClassCallbacks.java:61)
	at org.springframework.test.context.junit4.statements.RunAfterTestClassCallbacks.evaluate(RunAfterTestClassCallbacks.java:70)
	at org.junit.runners.ParentRunner.run(ParentRunner.java:363)
	at org.springframework.test.context.junit4.SpringJUnit4ClassRunner.run(SpringJUnit4ClassRunner.java:190)
	at org.gradle.api.internal.tasks.testing.junit.JUnitTestClassExecutor.runTestClass(JUnitTestClassExecutor.java:116)
	at org.gradle.api.internal.tasks.testing.junit.JUnitTestClassExecutor.execute(JUnitTestClassExecutor.java:59)
	at org.gradle.api.internal.tasks.testing.junit.JUnitTestClassExecutor.execute(JUnitTestClassExecutor.java:39)
	at org.gradle.api.internal.tasks.testing.junit.AbstractJUnitTestClassProcessor.processTestClass(AbstractJUnitTestClassProcessor.java:66)
	at org.gradle.api.internal.tasks.testing.SuiteTestClassProcessor.processTestClass(SuiteTestClassProcessor.java:51)
	at sun.reflect.NativeMethodAccessorImpl.invoke0(Native Method)
	at sun.reflect.NativeMethodAccessorImpl.invoke(NativeMethodAccessorImpl.java:62)
	at sun.reflect.DelegatingMethodAccessorImpl.invoke(DelegatingMethodAccessorImpl.java:43)
	at java.lang.reflect.Method.invoke(Method.java:498)
	at org.gradle.internal.dispatch.ReflectionDispatch.dispatch(ReflectionDispatch.java:35)
	at org.gradle.internal.dispatch.ReflectionDispatch.dispatch(ReflectionDispatch.java:24)
	at org.gradle.internal.dispatch.ContextClassLoaderDispatch.dispatch(ContextClassLoaderDispatch.java:32)
	at org.gradle.internal.dispatch.ProxyDispatchAdapter$DispatchingInvocationHandler.invoke(ProxyDispatchAdapter.java:93)
	at com.sun.proxy.$Proxy1.processTestClass(Unknown Source)
	at org.gradle.api.internal.tasks.testing.worker.TestWorker.processTestClass(TestWorker.java:109)
	at sun.reflect.NativeMethodAccessorImpl.invoke0(Native Method)
	at sun.reflect.NativeMethodAccessorImpl.invoke(NativeMethodAccessorImpl.java:62)
	at sun.reflect.DelegatingMethodAccessorImpl.invoke(DelegatingMethodAccessorImpl.java:43)
	at java.lang.reflect.Method.invoke(Method.java:498)
	at org.gradle.internal.dispatch.ReflectionDispatch.dispatch(ReflectionDispatch.java:35)
	at org.gradle.internal.dispatch.ReflectionDispatch.dispatch(ReflectionDispatch.java:24)
	at org.gradle.internal.remote.internal.hub.MessageHubBackedObjectConnection$DispatchWrapper.dispatch(MessageHubBackedObjectConnection.java:146)
	at org.gradle.internal.remote.internal.hub.MessageHubBackedObjectConnection$DispatchWrapper.dispatch(MessageHubBackedObjectConnection.java:128)
	at org.gradle.internal.remote.internal.hub.MessageHub$Handler.run(MessageHub.java:404)
	at org.gradle.internal.concurrent.ExecutorPolicy$CatchAndRecordFailures.onExecute(ExecutorPolicy.java:63)
	at org.gradle.internal.concurrent.ManagedExecutorImpl$1.run(ManagedExecutorImpl.java:46)
	at java.util.concurrent.ThreadPoolExecutor.runWorker(ThreadPoolExecutor.java:1142)
	at java.util.concurrent.ThreadPoolExecutor$Worker.run(ThreadPoolExecutor.java:617)
	at org.gradle.internal.concurrent.ThreadFactoryImpl$ManagedThreadRunnable.run(ThreadFactoryImpl.java:55)
	at java.lang.Thread.run(Thread.java:745)
Caused by: org.springframework.beans.factory.BeanCreationException: Error creating bean with name 'objectMapperConfigurer' defined in springfox.documentation.spring.web.SpringfoxWebMvcConfiguration: BeanPostProcessor before instantiation of bean failed; nested exception is org.springframework.beans.factory.BeanCreationException: Error creating bean with name 'org.springframework.transaction.annotation.ProxyTransactionManagementConfiguration': Initialization of bean failed; nested exception is java.lang.IllegalArgumentException: error at ::0 formal unbound in pointcut 
	at org.springframework.beans.factory.support.AbstractAutowireCapableBeanFactory.createBean(AbstractAutowireCapableBeanFactory.java:496)
	at org.springframework.beans.factory.support.AbstractBeanFactory.lambda$doGetBean$0(AbstractBeanFactory.java:317)
	at org.springframework.beans.factory.support.DefaultSingletonBeanRegistry.getSingleton(DefaultSingletonBeanRegistry.java:228)
	at org.springframework.beans.factory.support.AbstractBeanFactory.doGetBean(AbstractBeanFactory.java:315)
	at org.springframework.beans.factory.support.AbstractBeanFactory.getBean(AbstractBeanFactory.java:204)
	at org.springframework.context.support.PostProcessorRegistrationDelegate.registerBeanPostProcessors(PostProcessorRegistrationDelegate.java:238)
	at org.springframework.context.support.AbstractApplicationContext.registerBeanPostProcessors(AbstractApplicationContext.java:710)
	at org.springframework.context.support.AbstractApplicationContext.refresh(AbstractApplicationContext.java:535)
	at org.springframework.boot.SpringApplication.refresh(SpringApplication.java:759)
	at org.springframework.boot.SpringApplication.refreshContext(SpringApplication.java:395)
	at org.springframework.boot.SpringApplication.run(SpringApplication.java:327)
	at org.springframework.boot.test.context.SpringBootContextLoader.loadContext(SpringBootContextLoader.java:138)
	at org.springframework.test.context.cache.DefaultCacheAwareContextLoaderDelegate.loadContextInternal(DefaultCacheAwareContextLoaderDelegate.java:99)
	at org.springframework.test.context.cache.DefaultCacheAwareContextLoaderDelegate.loadContext(DefaultCacheAwareContextLoaderDelegate.java:117)
	... 49 more
Caused by: org.springframework.beans.factory.BeanCreationException: Error creating bean with name 'org.springframework.transaction.annotation.ProxyTransactionManagementConfiguration': Initialization of bean failed; nested exception is java.lang.IllegalArgumentException: error at ::0 formal unbound in pointcut 
	at org.springframework.beans.factory.support.AbstractAutowireCapableBeanFactory.doCreateBean(AbstractAutowireCapableBeanFactory.java:587)
	at org.springframework.beans.factory.support.AbstractAutowireCapableBeanFactory.createBean(AbstractAutowireCapableBeanFactory.java:501)
	at org.springframework.beans.factory.support.AbstractBeanFactory.lambda$doGetBean$0(AbstractBeanFactory.java:317)
	at org.springframework.beans.factory.support.DefaultSingletonBeanRegistry.getSingleton(DefaultSingletonBeanRegistry.java:228)
	at org.springframework.beans.factory.support.AbstractBeanFactory.doGetBean(AbstractBeanFactory.java:315)
	at org.springframework.beans.factory.support.AbstractBeanFactory.getBean(AbstractBeanFactory.java:199)
	at org.springframework.beans.factory.support.ConstructorResolver.instantiateUsingFactoryMethod(ConstructorResolver.java:368)
	at org.springframework.beans.factory.support.AbstractAutowireCapableBeanFactory.instantiateUsingFactoryMethod(AbstractAutowireCapableBeanFactory.java:1250)
	at org.springframework.beans.factory.support.AbstractAutowireCapableBeanFactory.createBeanInstance(AbstractAutowireCapableBeanFactory.java:1099)
	at org.springframework.beans.factory.support.AbstractAutowireCapableBeanFactory.doCreateBean(AbstractAutowireCapableBeanFactory.java:541)
	at org.springframework.beans.factory.support.AbstractAutowireCapableBeanFactory.createBean(AbstractAutowireCapableBeanFactory.java:501)
	at org.springframework.beans.factory.support.AbstractBeanFactory.lambda$doGetBean$0(AbstractBeanFactory.java:317)
	at org.springframework.beans.factory.support.DefaultSingletonBeanRegistry.getSingleton(DefaultSingletonBeanRegistry.java:228)
	at org.springframework.beans.factory.support.AbstractBeanFactory.doGetBean(AbstractBeanFactory.java:315)
	at org.springframework.beans.factory.support.AbstractBeanFactory.getBean(AbstractBeanFactory.java:204)
	at org.springframework.aop.framework.autoproxy.BeanFactoryAdvisorRetrievalHelper.findAdvisorBeans(BeanFactoryAdvisorRetrievalHelper.java:94)
	at org.springframework.aop.framework.autoproxy.AbstractAdvisorAutoProxyCreator.findCandidateAdvisors(AbstractAdvisorAutoProxyCreator.java:109)
	at org.springframework.aop.aspectj.annotation.AnnotationAwareAspectJAutoProxyCreator.findCandidateAdvisors(AnnotationAwareAspectJAutoProxyCreator.java:92)
	at org.springframework.aop.aspectj.autoproxy.AspectJAwareAdvisorAutoProxyCreator.shouldSkip(AspectJAwareAdvisorAutoProxyCreator.java:101)
	at org.springframework.aop.framework.autoproxy.AbstractAutoProxyCreator.postProcessBeforeInstantiation(AbstractAutoProxyCreator.java:254)
	at org.springframework.beans.factory.support.AbstractAutowireCapableBeanFactory.applyBeanPostProcessorsBeforeInstantiation(AbstractAutowireCapableBeanFactory.java:1063)
	at org.springframework.beans.factory.support.AbstractAutowireCapableBeanFactory.resolveBeforeInstantiation(AbstractAutowireCapableBeanFactory.java:1036)
	at org.springframework.beans.factory.support.AbstractAutowireCapableBeanFactory.createBean(AbstractAutowireCapableBeanFactory.java:490)
	... 62 more
Caused by: java.lang.IllegalArgumentException: error at ::0 formal unbound in pointcut 
	at org.aspectj.weaver.tools.PointcutParser.parsePointcutExpression(PointcutParser.java:319)
	at org.springframework.aop.aspectj.AspectJExpressionPointcut.buildPointcutExpression(AspectJExpressionPointcut.java:226)
	at org.springframework.aop.aspectj.AspectJExpressionPointcut.obtainPointcutExpression(AspectJExpressionPointcut.java:197)
	at org.springframework.aop.aspectj.AspectJExpressionPointcut.getClassFilter(AspectJExpressionPointcut.java:176)
	at org.springframework.aop.support.AopUtils.canApply(AopUtils.java:226)
	at org.springframework.aop.support.AopUtils.canApply(AopUtils.java:289)
	at org.springframework.aop.support.AopUtils.findAdvisorsThatCanApply(AopUtils.java:321)
	at org.springframework.aop.framework.autoproxy.AbstractAdvisorAutoProxyCreator.findAdvisorsThatCanApply(AbstractAdvisorAutoProxyCreator.java:126)
	at org.springframework.aop.framework.autoproxy.AbstractAdvisorAutoProxyCreator.findEligibleAdvisors(AbstractAdvisorAutoProxyCreator.java:95)
	at org.springframework.aop.framework.autoproxy.AbstractAdvisorAutoProxyCreator.getAdvicesAndAdvisorsForBean(AbstractAdvisorAutoProxyCreator.java:76)
	at org.springframework.aop.framework.autoproxy.AbstractAutoProxyCreator.wrapIfNecessary(AbstractAutoProxyCreator.java:352)
	at org.springframework.aop.framework.autoproxy.AbstractAutoProxyCreator.postProcessAfterInitialization(AbstractAutoProxyCreator.java:304)
	at org.springframework.beans.factory.support.AbstractAutowireCapableBeanFactory.applyBeanPostProcessorsAfterInitialization(AbstractAutowireCapableBeanFactory.java:437)
	at org.springframework.beans.factory.support.AbstractAutowireCapableBeanFactory.initializeBean(AbstractAutowireCapableBeanFactory.java:1706)
	at org.springframework.beans.factory.support.AbstractAutowireCapableBeanFactory.doCreateBean(AbstractAutowireCapableBeanFactory.java:579)
	... 84 more
</failure>
  </testcase>
  <system-out><![CDATA[12:51:57.167 [Test worker] DEBUG org.springframework.test.context.junit4.SpringJUnit4ClassRunner - SpringJUnit4ClassRunner constructor called with [class com.gjf.config.ConfigTest]
12:51:57.211 [Test worker] DEBUG org.springframework.test.context.BootstrapUtils - Instantiating CacheAwareContextLoaderDelegate from class [org.springframework.test.context.cache.DefaultCacheAwareContextLoaderDelegate]
12:51:57.249 [Test worker] DEBUG org.springframework.test.context.BootstrapUtils - Instantiating BootstrapContext using constructor [public org.springframework.test.context.support.DefaultBootstrapContext(java.lang.Class,org.springframework.test.context.CacheAwareContextLoaderDelegate)]
12:51:57.302 [Test worker] DEBUG org.springframework.test.context.BootstrapUtils - Instantiating TestContextBootstrapper for test class [com.gjf.config.ConfigTest] from class [org.springframework.boot.test.context.SpringBootTestContextBootstrapper]
12:51:57.334 [Test worker] INFO org.springframework.boot.test.context.SpringBootTestContextBootstrapper - Neither @ContextConfiguration nor @ContextHierarchy found for test class [com.gjf.config.ConfigTest], using SpringBootContextLoader
12:51:57.343 [Test worker] DEBUG org.springframework.test.context.support.AbstractContextLoader - Did not detect default resource location for test class [com.gjf.config.ConfigTest]: class path resource [com/gjf/config/ConfigTest-context.xml] does not exist
12:51:57.344 [Test worker] DEBUG org.springframework.test.context.support.AbstractContextLoader - Did not detect default resource location for test class [com.gjf.config.ConfigTest]: class path resource [com/gjf/config/ConfigTestContext.groovy] does not exist
12:51:57.345 [Test worker] INFO org.springframework.test.context.support.AbstractContextLoader - Could not detect default resource locations for test class [com.gjf.config.ConfigTest]: no resource found for suffixes {-context.xml, Context.groovy}.
12:51:57.419 [Test worker] DEBUG org.springframework.test.context.support.ActiveProfilesUtils - Could not find an 'annotation declaring class' for annotation type [org.springframework.test.context.ActiveProfiles] and class [com.gjf.config.ConfigTest]
12:51:57.714 [Test worker] DEBUG org.springframework.boot.test.context.SpringBootTestContextBootstrapper - @TestExecutionListeners is not present for class [com.gjf.config.ConfigTest]: using defaults.
12:51:57.715 [Test worker] INFO org.springframework.boot.test.context.SpringBootTestContextBootstrapper - Loaded default TestExecutionListener class names from location [META-INF/spring.factories]: [org.springframework.boot.test.autoconfigure.restdocs.RestDocsTestExecutionListener, org.springframework.boot.test.autoconfigure.web.client.MockRestServiceServerResetTestExecutionListener, org.springframework.boot.test.autoconfigure.web.servlet.MockMvcPrintOnlyOnFailureTestExecutionListener, org.springframework.boot.test.autoconfigure.web.servlet.WebDriverTestExecutionListener, org.springframework.boot.test.mock.mockito.MockitoTestExecutionListener, org.springframework.boot.test.mock.mockito.ResetMocksTestExecutionListener, org.springframework.test.context.web.ServletTestExecutionListener, org.springframework.test.context.support.DirtiesContextBeforeModesTestExecutionListener, org.springframework.test.context.support.DependencyInjectionTestExecutionListener, org.springframework.test.context.support.DirtiesContextTestExecutionListener, org.springframework.test.context.transaction.TransactionalTestExecutionListener, org.springframework.test.context.jdbc.SqlScriptsTestExecutionListener]
12:51:57.750 [Test worker] INFO org.springframework.boot.test.context.SpringBootTestContextBootstrapper - Using TestExecutionListeners: [org.springframework.test.context.web.ServletTestExecutionListener@40143806, org.springframework.test.context.support.DirtiesContextBeforeModesTestExecutionListener@3b78f78b, org.springframework.boot.test.mock.mockito.MockitoTestExecutionListener@7dba325a, org.springframework.boot.test.autoconfigure.SpringBootDependencyInjectionTestExecutionListener@7c5067c8, org.springframework.test.context.support.DirtiesContextTestExecutionListener@1de5a44c, org.springframework.test.context.transaction.TransactionalTestExecutionListener@61dddcd4, org.springframework.test.context.jdbc.SqlScriptsTestExecutionListener@4dd91a57, org.springframework.boot.test.autoconfigure.restdocs.RestDocsTestExecutionListener@32c85a03, org.springframework.boot.test.autoconfigure.web.client.MockRestServiceServerResetTestExecutionListener@2bf5fd2, org.springframework.boot.test.autoconfigure.web.servlet.MockMvcPrintOnlyOnFailureTestExecutionListener@d0b082d, org.springframework.boot.test.autoconfigure.web.servlet.WebDriverTestExecutionListener@885a079, org.springframework.boot.test.mock.mockito.ResetMocksTestExecutionListener@78edeb28]
12:51:57.754 [Test worker] DEBUG org.springframework.test.annotation.ProfileValueUtils - Retrieved @ProfileValueSourceConfiguration [null] for test class [com.gjf.config.ConfigTest]
12:51:57.755 [Test worker] DEBUG org.springframework.test.annotation.ProfileValueUtils - Retrieved ProfileValueSource type [class org.springframework.test.annotation.SystemProfileValueSource] for class [com.gjf.config.ConfigTest]
12:51:57.756 [Test worker] DEBUG org.springframework.test.annotation.ProfileValueUtils - Retrieved @ProfileValueSourceConfiguration [null] for test class [com.gjf.config.ConfigTest]
12:51:57.757 [Test worker] DEBUG org.springframework.test.annotation.ProfileValueUtils - Retrieved ProfileValueSource type [class org.springframework.test.annotation.SystemProfileValueSource] for class [com.gjf.config.ConfigTest]
12:51:57.767 [Test worker] DEBUG org.springframework.test.context.support.AbstractDirtiesContextTestExecutionListener - Before test class: context [DefaultTestContext@57b13063 testClass = ConfigTest, testInstance = [null], testMethod = [null], testException = [null], mergedContextConfiguration = [WebMergedContextConfiguration@73697bbe testClass = ConfigTest, locations = '{}', classes = '{class com.gjf.Application, class com.gjf.Application}', contextInitializerClasses = '[]', activeProfiles = '{}', propertySourceLocations = '{}', propertySourceProperties = '{org.springframework.boot.test.context.SpringBootTestContextBootstrapper=true}', contextCustomizers = set[org.springframework.boot.test.autoconfigure.properties.PropertyMappingContextCustomizer@0, org.springframework.boot.test.autoconfigure.web.servlet.WebDriverContextCustomizerFactory$Customizer@31fe988f, org.springframework.boot.test.context.filter.ExcludeFilterContextCustomizer@6939387c, org.springframework.boot.test.json.DuplicateJsonObjectContextCustomizerFactory$DuplicateJsonObjectContextCustomizer@28a37898, org.springframework.boot.test.mock.mockito.MockitoContextCustomizer@0, org.springframework.boot.test.web.client.TestRestTemplateContextCustomizer@76b8c81a], resourceBasePath = 'src/main/webapp', contextLoader = 'org.springframework.boot.test.context.SpringBootContextLoader', parent = [null]], attributes = map['org.springframework.test.context.web.ServletTestExecutionListener.activateListener' -> true]], class annotated with @DirtiesContext [false] with mode [null].
12:51:57.769 [Test worker] DEBUG org.springframework.test.annotation.ProfileValueUtils - Retrieved @ProfileValueSourceConfiguration [null] for test class [com.gjf.config.ConfigTest]
12:51:57.770 [Test worker] DEBUG org.springframework.test.annotation.ProfileValueUtils - Retrieved ProfileValueSource type [class org.springframework.test.annotation.SystemProfileValueSource] for class [com.gjf.config.ConfigTest]
12:51:57.808 [Test worker] DEBUG org.springframework.core.env.StandardEnvironment - Adding PropertySource 'systemProperties' with lowest search precedence
12:51:57.809 [Test worker] DEBUG org.springframework.core.env.StandardEnvironment - Adding PropertySource 'systemEnvironment' with lowest search precedence
12:51:57.810 [Test worker] DEBUG org.springframework.core.env.StandardEnvironment - Initialized StandardEnvironment with PropertySources [MapPropertySource@762509653 {name='systemProperties', properties={java.runtime.name=Java(TM) SE Runtime Environment, sun.boot.library.path=C:\Program Files\Java\jdk1.8.0_112\jre\bin, java.vm.version=25.112-b15, java.vm.vendor=Oracle Corporation, java.vendor.url=http://java.oracle.com/, path.separator=;, java.vm.name=Java HotSpot(TM) 64-Bit Server VM, file.encoding.pkg=sun.io, user.script=, sun.java.launcher=SUN_STANDARD, user.country=CN, sun.os.patch.level=, java.vm.specification.name=Java Virtual Machine Specification, user.dir=D:\IDEAWorkSp\2market, java.runtime.version=1.8.0_112-b15, java.awt.graphicsenv=sun.awt.Win32GraphicsEnvironment, java.endorsed.dirs=C:\Program Files\Java\jdk1.8.0_112\jre\lib\endorsed, os.arch=amd64, java.io.tmpdir=C:\Users\GJF\AppData\Local\Temp\, line.separator=
, java.vm.specification.vendor=Oracle Corporation, user.variant=, os.name=Windows 10, sun.jnu.encoding=GBK, java.library.path=C:\Program Files\Java\jdk1.8.0_112\bin;C:\WINDOWS\Sun\Java\bin;C:\WINDOWS\system32;C:\WINDOWS;C:\ProgramData\Oracle\Java\javapath;C:\WINDOWS\system32;C:\WINDOWS;C:\WINDOWS\System32\Wbem;C:\WINDOWS\System32\WindowsPowerShell\v1.0\;C:\Program Files\Java\jdk1.8.0_112\bin;C:\Users\GJF\.dnx\bin;C:\Program Files\Microsoft DNX\Dnvm\;C:\Program Files\Microsoft SQL Server\130\Tools\Binn\;C:\MySQL\mysql\bin;C:\apache-maven-3.3.9\bin;C:\Program Files (x86)\PuTTY\;D:\WinSCP\;D:\Git\cmd;D:\git\ynzh\nvmw;D:\AndroidSDK\platform-tools;C:\Python27;C:\Gradle\gradle-4.6\bin;C:\Users\GJF\AppData\Local\Microsoft\WindowsApps;., java.specification.name=Java Platform API Specification, java.class.version=52.0, org.gradle.native=false, sun.management.compiler=HotSpot 64-Bit Tiered Compilers, os.version=10.0, user.home=C:\Users\GJF, user.timezone=Asia/Shanghai, java.awt.printerjob=sun.awt.windows.WPrinterJob, file.encoding=GBK, java.specification.version=1.8, java.class.path=D:\IDEAWorkSp\2market\build\classes\java\test;D:\IDEAWorkSp\2market\build\resources\test;D:\IDEAWorkSp\2market\build\classes\java\main;D:\IDEAWorkSp\2market\build\resources\main;C:\Users\GJF\.gradle\caches\modules-2\files-2.1\org.zeroturnaround\gradle-jrebel-plugin\1.1.8\27c411c8cf2054910f1b031089ca4bba41f98724\gradle-jrebel-plugin-1.1.8.jar;C:\Users\GJF\.gradle\caches\modules-2\files-2.1\org.springframework.boot\spring-boot-starter-web\2.0.1.RELEASE\88751ed76791d12425ce5a80476baf1749a44cf4\spring-boot-starter-web-2.0.1.RELEASE.jar;C:\Users\GJF\.gradle\caches\modules-2\files-2.1\org.springframework.boot\spring-boot-starter-aop\2.0.1.RELEASE\c7f7b5b5e63edca2fb04899d13d8bad83377b4b3\spring-boot-starter-aop-2.0.1.RELEASE.jar;C:\Users\GJF\.gradle\caches\modules-2\files-2.1\org.mybatis.spring.boot\mybatis-spring-boot-starter-test\1.3.2\52d43cc2188977d244984eecc406c6bd3c3cb6b4\mybatis-spring-boot-starter-test-1.3.2.jar;C:\Users\GJF\.gradle\caches\modules-2\files-2.1\org.springframework.boot\spring-boot-starter-test\2.0.1.RELEASE\d6204ede44fa7e1df01d25509837bfa4b767fa28\spring-boot-starter-test-2.0.1.RELEASE.jar;C:\Users\GJF\.gradle\caches\modules-2\files-2.1\com.alibaba\druid-spring-boot-starter\1.1.9\7c133b4dbf3c94e1dd81c5bb5e4a4724ffa15d5e\druid-spring-boot-starter-1.1.9.jar;C:\Users\GJF\.gradle\caches\modules-2\files-2.1\mysql\mysql-connector-java\5.1.46\9a3e63b387e376364211e96827bc27db8d7a92e9\mysql-connector-java-5.1.46.jar;C:\Users\GJF\.gradle\caches\modules-2\files-2.1\io.jsonwebtoken\jjwt\0.9.0\64e3ed8a5f0bc93ecea592a0b3280f995efbdfe9\jjwt-0.9.0.jar;C:\Users\GJF\.gradle\caches\modules-2\files-2.1\org.mybatis.spring.boot\mybatis-spring-boot-starter\1.3.2\cb6de087ae0d34b23ad0671aacdbcc433d84875f\mybatis-spring-boot-starter-1.3.2.jar;C:\Users\GJF\.gradle\caches\modules-2\files-2.1\org.mybatis.generator\mybatis-generator-core\1.3.6\30bc7da4943314e6d5a1068217024bac6924484b\mybatis-generator-core-1.3.6.jar;C:\Users\GJF\.gradle\caches\modules-2\files-2.1\io.springfox\springfox-swagger-ui\2.6.1\4c854c86c91ab36c86fc1a63571a0614c2ea9ab2\springfox-swagger-ui-2.6.1.jar;C:\Users\GJF\.gradle\caches\modules-2\files-2.1\io.springfox\springfox-swagger2\2.6.1\73c3a70ec0b10b61c8eb9ef1659131cd78dbbd82\springfox-swagger2-2.6.1.jar;C:\Users\GJF\.gradle\caches\modules-2\files-2.1\junit\junit\4.12\2973d150c0dc1fefe998f834810d68f278ea58ec\junit-4.12.jar;C:\Users\GJF\.gradle\caches\modules-2\files-2.1\commons-lang\commons-lang\2.6\ce1edb914c94ebc388f086c6827e8bdeec71ac2\commons-lang-2.6.jar;C:\Users\GJF\.gradle\caches\modules-2\files-2.1\commons-io\commons-io\2.5\2852e6e05fbb95076fc091f6d1780f1f8fe35e0f\commons-io-2.5.jar;C:\Users\GJF\.gradle\caches\modules-2\files-2.1\org.springframework.boot\spring-boot-starter-json\2.0.1.RELEASE\f2e1aeeb1ac02bfa1b4f7254633484af1866fc65\spring-boot-starter-json-2.0.1.RELEASE.jar;C:\Users\GJF\.gradle\caches\modules-2\files-2.1\org.springframework.boot\spring-boot-starter-jdbc\2.0.1.RELEASE\a22a7ac74388118938bfcd894318cd0c5a7c380b\spring-boot-starter-jdbc-2.0.1.RELEASE.jar;C:\Users\GJF\.gradle\caches\modules-2\files-2.1\org.springframework.boot\spring-boot-starter\2.0.1.RELEASE\33abc1286b0aabea4f08ff4285d09e587835a716\spring-boot-starter-2.0.1.RELEASE.jar;C:\Users\GJF\.gradle\caches\modules-2\files-2.1\org.springframework.boot\spring-boot-starter-tomcat\2.0.1.RELEASE\4b46f4aaff6c8a5a1c8184996d5e9e8a9354db8d\spring-boot-starter-tomcat-2.0.1.RELEASE.jar;C:\Users\GJF\.gradle\caches\modules-2\files-2.1\org.hibernate.validator\hibernate-validator\6.0.9.Final\b149e4cce82379f11f6129eb3187ca8ae5404005\hibernate-validator-6.0.9.Final.jar;C:\Users\GJF\.gradle\caches\modules-2\files-2.1\org.springframework\spring-webmvc\5.0.5.RELEASE\a7fd53c7ad06b0fa7dd4ff347de1b2dc508739e\spring-webmvc-5.0.5.RELEASE.jar;C:\Users\GJF\.gradle\caches\modules-2\files-2.1\org.springframework\spring-web\5.0.5.RELEASE\d51dbb5cabe72ae02e400577bac48f7fc94088de\spring-web-5.0.5.RELEASE.jar;C:\Users\GJF\.gradle\caches\modules-2\files-2.1\io.springfox\springfox-swagger-common\2.6.1\47befb039a0a1f0cdaab74d2777fa9eb6b01f8db\springfox-swagger-common-2.6.1.jar;C:\Users\GJF\.gradle\caches\modules-2\files-2.1\io.springfox\springfox-spring-web\2.6.1\6478ed7e49755b652aac907d42a735349056a6a\springfox-spring-web-2.6.1.jar;C:\Users\GJF\.gradle\caches\modules-2\files-2.1\io.springfox\springfox-schema\2.6.1\b4d837ed7dc726a59504d2e6587e162e071a8965\springfox-schema-2.6.1.jar;C:\Users\GJF\.gradle\caches\modules-2\files-2.1\io.springfox\springfox-spi\2.6.1\972ae720c6a9a5f31be2744972b435cc39166174\springfox-spi-2.6.1.jar;C:\Users\GJF\.gradle\caches\modules-2\files-2.1\io.springfox\springfox-core\2.6.1\5c502e6b9d50d34096077eacc384cd00f63710e1\springfox-core-2.6.1.jar;C:\Users\GJF\.gradle\caches\modules-2\files-2.1\org.springframework.plugin\spring-plugin-metadata\1.2.0.RELEASE\97223fc496b6cab31602eedbd4202aa4fff0d44f\spring-plugin-metadata-1.2.0.RELEASE.jar;C:\Users\GJF\.gradle\caches\modules-2\files-2.1\org.springframework.plugin\spring-plugin-core\1.2.0.RELEASE\f380e7760032e7d929184f8ad8a33716b75c0657\spring-plugin-core-1.2.0.RELEASE.jar;C:\Users\GJF\.gradle\caches\modules-2\files-2.1\org.mybatis.spring.boot\mybatis-spring-boot-test-autoconfigure\1.3.2\63b57a40af47fd79151562bed34f047789d4e858\mybatis-spring-boot-test-autoconfigure-1.3.2.jar;C:\Users\GJF\.gradle\caches\modules-2\files-2.1\org.springframework.boot\spring-boot-test-autoconfigure\2.0.1.RELEASE\c7a68c07f2a04323a67740f91d20818ec2e783b3\spring-boot-test-autoconfigure-2.0.1.RELEASE.jar;C:\Users\GJF\.gradle\caches\modules-2\files-2.1\org.springframework.boot\spring-boot-test\2.0.1.RELEASE\77cede07b0e9da6c87d0dabcfe3e53ac56747d73\spring-boot-test-2.0.1.RELEASE.jar;C:\Users\GJF\.gradle\caches\modules-2\files-2.1\org.mybatis.spring.boot\mybatis-spring-boot-autoconfigure\1.3.2\cada00d6bb4e7b8a733b3cd376ad69a307008685\mybatis-spring-boot-autoconfigure-1.3.2.jar;C:\Users\GJF\.gradle\caches\modules-2\files-2.1\org.springframework.boot\spring-boot-autoconfigure\2.0.1.RELEASE\b0bf9d34ed70c6987a86cd58a009065e5fa02545\spring-boot-autoconfigure-2.0.1.RELEASE.jar;C:\Users\GJF\.gradle\caches\modules-2\files-2.1\org.springframework.boot\spring-boot\2.0.1.RELEASE\b8c5b14cbb0e52fdded8f98a8c1493cc74c7cf59\spring-boot-2.0.1.RELEASE.jar;C:\Users\GJF\.gradle\caches\modules-2\files-2.1\org.springframework\spring-context\5.0.5.RELEASE\9cca4bf5acb693249a01c218f471c677b951d6e2\spring-context-5.0.5.RELEASE.jar;C:\Users\GJF\.gradle\caches\modules-2\files-2.1\org.springframework\spring-aop\5.0.5.RELEASE\b11b61b94d7fb752a1c9bf3461d655c3084fae47\spring-aop-5.0.5.RELEASE.jar;C:\Users\GJF\.gradle\caches\modules-2\files-2.1\org.aspectj\aspectjweaver\1.8.13\ad94df2a28d658a40dc27bbaff6a1ce5fbf04e9b\aspectjweaver-1.8.13.jar;C:\Users\GJF\.gradle\caches\modules-2\files-2.1\com.jayway.jsonpath\json-path\2.4.0\765a4401ceb2dc8d40553c2075eb80a8fa35c2ae\json-path-2.4.0.jar;C:\Users\GJF\.gradle\caches\modules-2\files-2.1\org.assertj\assertj-core\3.9.1\c5ce126b15f28d56cd8f960c1a6a058b9c9aea87\assertj-core-3.9.1.jar;C:\Users\GJF\.gradle\caches\modules-2\files-2.1\org.mockito\mockito-core\2.15.0\b84bfbbc29cd22c9529409627af6ea2897f4fa85\mockito-core-2.15.0.jar;C:\Users\GJF\.gradle\caches\modules-2\files-2.1\org.hamcrest\hamcrest-library\1.3\4785a3c21320980282f9f33d0d1264a69040538f\hamcrest-library-1.3.jar;C:\Users\GJF\.gradle\caches\modules-2\files-2.1\org.hamcrest\hamcrest-core\1.3\42a25dc3219429f0e5d060061f71acb49bf010a0\hamcrest-core-1.3.jar;C:\Users\GJF\.gradle\caches\modules-2\files-2.1\org.skyscreamer\jsonassert\1.5.0\6c9d5fe2f59da598d9aefc1cfc6528ff3cf32df3\jsonassert-1.5.0.jar;C:\Users\GJF\.gradle\caches\modules-2\files-2.1\org.springframework\spring-test\5.0.5.RELEASE\f7e3b83447e54056a91de1294ae6888343648dff\spring-test-5.0.5.RELEASE.jar;C:\Users\GJF\.gradle\caches\modules-2\files-2.1\org.springframework\spring-jdbc\5.0.5.RELEASE\456bc4d2281c37aa2f2206651a3048a1d3559d2a\spring-jdbc-5.0.5.RELEASE.jar;C:\Users\GJF\.gradle\caches\modules-2\files-2.1\org.springframework\spring-tx\5.0.5.RELEASE\b772fbba533da282adc89f33e2619ee8a8bba601\spring-tx-5.0.5.RELEASE.jar;C:\Users\GJF\.gradle\caches\modules-2\files-2.1\org.springframework\spring-beans\5.0.5.RELEASE\984445863c0bbdaaf860615762d998b471a6bf92\spring-beans-5.0.5.RELEASE.jar;C:\Users\GJF\.gradle\caches\modules-2\files-2.1\org.springframework\spring-expression\5.0.5.RELEASE\fc6c7a95aeb7d00f4c65c338b08d97767eb0dd99\spring-expression-5.0.5.RELEASE.jar;C:\Users\GJF\.gradle\caches\modules-2\files-2.1\org.springframework\spring-core\5.0.5.RELEASE\1bd9feb1d9dac6accd27f5244b6c47cfcb55045c\spring-core-5.0.5.RELEASE.jar;C:\Users\GJF\.gradle\caches\modules-2\files-2.1\org.xmlunit\xmlunit-core\2.5.1\4ffdb346572a7356f7521cd3119ce5287d2e339d\xmlunit-core-2.5.1.jar;C:\Users\GJF\.gradle\caches\modules-2\files-2.1\com.alibaba\druid\1.1.9\23be2c8a594e18717f85c8f50cb7954ab53beb25\druid-1.1.9.jar;C:\Users\GJF\.gradle\caches\modules-2\files-2.1\io.swagger\swagger-models\1.5.10\da29e4f4f7cff80b1ef134b0f3805013be443e58\swagger-models-1.5.10.jar;C:\Users\GJF\.gradle\caches\modules-2\files-2.1\com.zaxxer\HikariCP\2.7.8\4a3a604fa2efa89621aa498d04e000b2bed90c39\HikariCP-2.7.8.jar;C:\Users\GJF\.gradle\caches\modules-2\files-2.1\org.springframework.boot\spring-boot-starter-logging\2.0.1.RELEASE\10681a28c95e9f9c0159327a1ed0c860517c7ad7\spring-boot-starter-logging-2.0.1.RELEASE.jar;C:\Users\GJF\.gradle\caches\modules-2\files-2.1\ch.qos.logback\logback-classic\1.2.3\7c4f3c474fb2c041d8028740440937705ebb473a\logback-classic-1.2.3.jar;C:\Users\GJF\.gradle\caches\modules-2\files-2.1\org.apache.logging.log4j\log4j-to-slf4j\2.10.0\f7e631ccf49cfc0aefa4a2a728da7d374c05bd3c\log4j-to-slf4j-2.10.0.jar;C:\Users\GJF\.gradle\caches\modules-2\files-2.1\org.slf4j\jul-to-slf4j\1.7.25\af5364cd6679bfffb114f0dec8a157aaa283b76\jul-to-slf4j-1.7.25.jar;C:\Users\GJF\.gradle\caches\modules-2\files-2.1\org.slf4j\slf4j-api\1.7.25\da76ca59f6a57ee3102f8f9bd9cee742973efa8a\slf4j-api-1.7.25.jar;C:\Users\GJF\.gradle\caches\modules-2\files-2.1\com.fasterxml.jackson.datatype\jackson-datatype-jdk8\2.9.5\23e37f085279ba316c0df923513b81609e1d1f6\jackson-datatype-jdk8-2.9.5.jar;C:\Users\GJF\.gradle\caches\modules-2\files-2.1\com.fasterxml.jackson.datatype\jackson-datatype-jsr310\2.9.5\d1f0d11e816bc04e222a261106ca138801841c2d\jackson-datatype-jsr310-2.9.5.jar;C:\Users\GJF\.gradle\caches\modules-2\files-2.1\com.fasterxml.jackson.module\jackson-module-parameter-names\2.9.5\f824c60751ffb7bfc3a0d30dfe0e42317d8e67f5\jackson-module-parameter-names-2.9.5.jar;C:\Users\GJF\.gradle\caches\modules-2\files-2.1\com.fasterxml.jackson.core\jackson-databind\2.9.5\3490508379d065fe3fcb80042b62f630f7588606\jackson-databind-2.9.5.jar;C:\Users\GJF\.gradle\caches\modules-2\files-2.1\org.mybatis\mybatis\3.4.6\a77a546f679533837f6c6a75c034b669f3ce6a2f\mybatis-3.4.6.jar;C:\Users\GJF\.gradle\caches\modules-2\files-2.1\org.mybatis\mybatis-spring\1.3.2\fd9961cd026b1f6998be27c516973dd5366b14ec\mybatis-spring-1.3.2.jar;C:\Users\GJF\.gradle\caches\modules-2\files-2.1\io.swagger\swagger-annotations\1.5.10\246ec68bce560227d3633d5ab5979437544bd6dc\swagger-annotations-1.5.10.jar;C:\Users\GJF\.gradle\caches\modules-2\files-2.1\com.google.guava\guava\18.0\cce0823396aa693798f8882e64213b1772032b09\guava-18.0.jar;C:\Users\GJF\.gradle\caches\modules-2\files-2.1\com.fasterxml\classmate\1.3.4\3d5f48f10bbe4eb7bd862f10c0583be2e0053c6\classmate-1.3.4.jar;C:\Users\GJF\.gradle\caches\modules-2\files-2.1\org.mapstruct\mapstruct\1.0.0.Final\794bb2c7d3dd69211deb22857d92fb4c5361be3f\mapstruct-1.0.0.Final.jar;C:\Users\GJF\.gradle\caches\modules-2\files-2.1\javax.annotation\javax.annotation-api\1.3.2\934c04d3cfef185a8008e7bf34331b79730a9d43\javax.annotation-api-1.3.2.jar;C:\Users\GJF\.gradle\caches\modules-2\files-2.1\org.yaml\snakeyaml\1.19\2d998d3d674b172a588e54ab619854d073f555b5\snakeyaml-1.19.jar;C:\Users\GJF\.gradle\caches\modules-2\files-2.1\org.apache.tomcat.embed\tomcat-embed-websocket\8.5.29\37786f4ca8a1597a91a0f437e659a76d1fcc5bf1\tomcat-embed-websocket-8.5.29.jar;C:\Users\GJF\.gradle\caches\modules-2\files-2.1\org.apache.tomcat.embed\tomcat-embed-core\8.5.29\51eac5adde4bc019261b787cb99e5548206908e6\tomcat-embed-core-8.5.29.jar;C:\Users\GJF\.gradle\caches\modules-2\files-2.1\org.apache.tomcat.embed\tomcat-embed-el\8.5.29\893fb2c87ec1aa248a7911d76c0c06b3fca6bc9b\tomcat-embed-el-8.5.29.jar;C:\Users\GJF\.gradle\caches\modules-2\files-2.1\javax.validation\validation-api\2.0.1.Final\cb855558e6271b1b32e716d24cb85c7f583ce09e\validation-api-2.0.1.Final.jar;C:\Users\GJF\.gradle\caches\modules-2\files-2.1\org.jboss.logging\jboss-logging\3.3.2.Final\3789d00e859632e6c6206adc0c71625559e6e3b0\jboss-logging-3.3.2.Final.jar;C:\Users\GJF\.gradle\caches\modules-2\files-2.1\net.minidev\json-smart\2.3\7396407491352ce4fa30de92efb158adb76b5b\json-smart-2.3.jar;C:\Users\GJF\.gradle\caches\modules-2\files-2.1\net.bytebuddy\byte-buddy\1.7.11\f02857a4e2c66ccbe7aaad6100a0a6c461bce9b3\byte-buddy-1.7.11.jar;C:\Users\GJF\.gradle\caches\modules-2\files-2.1\net.bytebuddy\byte-buddy-agent\1.7.11\b425a8933ca07edd03c6dbc8bc3b595fba9780de\byte-buddy-agent-1.7.11.jar;C:\Users\GJF\.gradle\caches\modules-2\files-2.1\org.objenesis\objenesis\2.6\639033469776fd37c08358c6b92a4761feb2af4b\objenesis-2.6.jar;C:\Users\GJF\.gradle\caches\modules-2\files-2.1\com.vaadin.external.google\android-json\0.0.20131108.vaadin1\fa26d351fe62a6a17f5cda1287c1c6110dec413f\android-json-0.0.20131108.vaadin1.jar;C:\Users\GJF\.gradle\caches\modules-2\files-2.1\org.springframework\spring-jcl\5.0.5.RELEASE\f4a2854b9d865e8b86717595aec16f877f8c6489\spring-jcl-5.0.5.RELEASE.jar;C:\Users\GJF\.gradle\caches\modules-2\files-2.1\com.fasterxml.jackson.core\jackson-annotations\2.9.0\7c10d545325e3a6e72e06381afe469fd40eb701\jackson-annotations-2.9.0.jar;C:\Users\GJF\.gradle\caches\modules-2\files-2.1\com.fasterxml.jackson.core\jackson-core\2.9.5\a22ac51016944b06fd9ffbc9541c6e7ce5eea117\jackson-core-2.9.5.jar;C:\Users\GJF\.gradle\caches\modules-2\files-2.1\net.minidev\accessors-smart\1.2\c592b500269bfde36096641b01238a8350f8aa31\accessors-smart-1.2.jar;C:\Users\GJF\.gradle\caches\modules-2\files-2.1\ch.qos.logback\logback-core\1.2.3\864344400c3d4d92dfeb0a305dc87d953677c03c\logback-core-1.2.3.jar;C:\Users\GJF\.gradle\caches\modules-2\files-2.1\org.apache.logging.log4j\log4j-api\2.10.0\fec5797a55b786184a537abd39c3fa1449d752d6\log4j-api-2.10.0.jar;C:\Users\GJF\.gradle\caches\modules-2\files-2.1\org.ow2.asm\asm\5.0.4\da08b8cce7bbf903602a25a3a163ae252435795\asm-5.0.4.jar, user.name=GJF, java.vm.specification.version=1.8, sun.java.command=worker.org.gradle.process.internal.worker.GradleWorkerMain 'Gradle Test Executor 1', java.home=C:\Program Files\Java\jdk1.8.0_112\jre, sun.arch.data.model=64, user.language=zh, java.specification.vendor=Oracle Corporation, awt.toolkit=sun.awt.windows.WToolkit, java.vm.info=mixed mode, java.version=1.8.0_112, java.ext.dirs=C:\Program Files\Java\jdk1.8.0_112\jre\lib\ext;C:\WINDOWS\Sun\Java\lib\ext, sun.boot.class.path=C:\Program Files\Java\jdk1.8.0_112\jre\lib\resources.jar;C:\Program Files\Java\jdk1.8.0_112\jre\lib\rt.jar;C:\Program Files\Java\jdk1.8.0_112\jre\lib\sunrsasign.jar;C:\Program Files\Java\jdk1.8.0_112\jre\lib\jsse.jar;C:\Program Files\Java\jdk1.8.0_112\jre\lib\jce.jar;C:\Program Files\Java\jdk1.8.0_112\jre\lib\charsets.jar;C:\Program Files\Java\jdk1.8.0_112\jre\lib\jfr.jar;C:\Program Files\Java\jdk1.8.0_112\jre\classes, java.vendor=Oracle Corporation, org.gradle.test.worker=1, file.separator=\, java.vendor.url.bug=http://bugreport.sun.com/bugreport/, sun.io.unicode.encoding=UnicodeLittle, sun.cpu.endian=little, sun.desktop=windows, sun.cpu.isalist=amd64}}, SystemEnvironmentPropertySource@1986887054 {name='systemEnvironment', properties={USERDOMAIN_ROAMINGPROFILE=GJF, PROCESSOR_LEVEL=6, VS140COMNTOOLS=C:\Program Files (x86)\Microsoft Visual Studio 14.0\Common7\Tools\, SynaProgDir=Synaptics\SynTP, ALLUSERSPROFILE=C:\ProgramData, PROCESSOR_ARCHITECTURE=AMD64, PSModulePath=C:\Program Files\WindowsPowerShell\Modules;C:\WINDOWS\system32\WindowsPowerShell\v1.0\Modules, SystemDrive=C:, =E:=E:\, MOZ_PLUGIN_PATH=C:\Program Files (x86)\Foxit Software\Foxit Reader\plugins\, USERNAME=GJF, ProgramFiles(x86)=C:\Program Files (x86), FPS_BROWSER_USER_PROFILE_STRING=Default, PATHEXT=.COM;.EXE;.BAT;.CMD;.VBS;.VBE;.JS;.JSE;.WSF;.WSH;.MSC, =J:=J:\, ProgramData=C:\ProgramData, =F:=F:\, ProgramW6432=C:\Program Files, HOMEPATH=\Users\GJF, PROCESSOR_IDENTIFIER=Intel64 Family 6 Model 61 Stepping 4, GenuineIntel, M2_HOME=C:\apache-maven-3.3.9, MinGW64_LIB=C:\Program Files (x86)\Dev-Cpp\MinGW64\lib, MinGW64_BIN=C:\Program Files (x86)\Dev-Cpp\MinGW64\bin, ProgramFiles=C:\Program Files, PUBLIC=C:\Users\Public, windir=C:\WINDOWS, LOCALAPPDATA=C:\Users\GJF\AppData\Local, USERDOMAIN=GJF, FPS_BROWSER_APP_PROFILE_STRING=Internet Explorer, LOGONSERVER=\\GJF, JAVA_HOME=C:\Program Files\Java\jdk1.8.0_112, ADB_HOME=D:\AndroidSDK\platform-tools, OneDrive=C:\Users\GJF\OneDrive, APPDATA=C:\Users\GJF\AppData\Roaming, VBOX_MSI_INSTALL_PATH=D:\VirtualBox\, CommonProgramFiles=C:\Program Files\Common Files, Path=C:\ProgramData\Oracle\Java\javapath;C:\WINDOWS\system32;C:\WINDOWS;C:\WINDOWS\System32\Wbem;C:\WINDOWS\System32\WindowsPowerShell\v1.0\;C:\Program Files\Java\jdk1.8.0_112\bin;C:\Users\GJF\.dnx\bin;C:\Program Files\Microsoft DNX\Dnvm\;C:\Program Files\Microsoft SQL Server\130\Tools\Binn\;C:\MySQL\mysql\bin;C:\apache-maven-3.3.9\bin;C:\Program Files (x86)\PuTTY\;D:\WinSCP\;D:\Git\cmd;D:\git\ynzh\nvmw;D:\AndroidSDK\platform-tools;C:\Python27;C:\Gradle\gradle-4.6\bin;C:\Users\GJF\AppData\Local\Microsoft\WindowsApps, MinGW64_INCLUDE=C:\Program Files (x86)\Dev-Cpp\MinGW64\include, OS=Windows_NT, COMPUTERNAME=GJF, PROCESSOR_REVISION=3d04, CommonProgramW6432=C:\Program Files\Common Files, ComSpec=C:\WINDOWS\system32\cmd.exe, =D:=D:\, SystemRoot=C:\WINDOWS, TEMP=C:\Users\GJF\AppData\Local\Temp, HOMEDRIVE=C:, USERPROFILE=C:\Users\GJF, TMP=C:\Users\GJF\AppData\Local\Temp, CommonProgramFiles(x86)=C:\Program Files (x86)\Common Files, NUMBER_OF_PROCESSORS=4}}]
12:51:57.822 [Test worker] DEBUG org.springframework.test.context.support.TestPropertySourceUtils - Adding inlined properties to environment: {spring.jmx.enabled=false, org.springframework.boot.test.context.SpringBootTestContextBootstrapper=true, server.port=-1}
12:51:57.822 [Test worker] DEBUG org.springframework.core.env.StandardEnvironment - Adding PropertySource 'Inlined Test Properties' with highest search precedence

  .   ____          _            __ _ _
 /\\ / ___'_ __ _ _(_)_ __  __ _ \ \ \ \
( ( )\___ | '_ | '_| | '_ \/ _` | \ \ \ \
 \\/  ___)| |_)| | | | | || (_| |  ) ) ) )
  '  |____| .__|_| |_|_| |_\__, | / / / /
 =========|_|==============|___/=/_/_/_/
 :: Spring Boot ::        (v2.0.1.RELEASE)

2018-05-02 12:51:59.190  INFO 18524 --- [    Test worker] com.gjf.config.ConfigTest                : Starting ConfigTest on GJF with PID 18524 (started by GJF in D:\IDEAWorkSp\2market)
2018-05-02 12:51:59.193  INFO 18524 --- [    Test worker] com.gjf.config.ConfigTest                : No active profile set, falling back to default profiles: default
2018-05-02 12:51:59.357  INFO 18524 --- [    Test worker] o.s.w.c.s.GenericWebApplicationContext   : Refreshing org.springframework.web.context.support.GenericWebApplicationContext@68b0ca8b: startup date [Wed May 02 12:51:59 CST 2018]; root of context hierarchy
2018-05-02 12:52:03.982  INFO 18524 --- [    Test worker] trationDelegate$BeanPostProcessorChecker : Bean 'org.springframework.transaction.annotation.ProxyTransactionManagementConfiguration' of type [org.springframework.transaction.annotation.ProxyTransactionManagementConfiguration$$EnhancerBySpringCGLIB$$25804c1b] is not eligible for getting processed by all BeanPostProcessors (for example: not eligible for auto-proxying)
2018-05-02 12:52:04.296  WARN 18524 --- [    Test worker] o.s.w.c.s.GenericWebApplicationContext   : Exception encountered during context initialization - cancelling refresh attempt: org.springframework.beans.factory.BeanCreationException: Error creating bean with name 'objectMapperConfigurer' defined in springfox.documentation.spring.web.SpringfoxWebMvcConfiguration: BeanPostProcessor before instantiation of bean failed; nested exception is org.springframework.beans.factory.BeanCreationException: Error creating bean with name 'org.springframework.transaction.annotation.ProxyTransactionManagementConfiguration': Initialization of bean failed; nested exception is java.lang.IllegalArgumentException: error at ::0 formal unbound in pointcut 
2018-05-02 12:52:04.328  INFO 18524 --- [    Test worker] ConditionEvaluationReportLoggingListener : 

Error starting ApplicationContext. To display the conditions report re-run your application with 'debug' enabled.
2018-05-02 12:52:04.343 ERROR 18524 --- [    Test worker] o.s.boot.SpringApplication               : Application run failed

org.springframework.beans.factory.BeanCreationException: Error creating bean with name 'objectMapperConfigurer' defined in springfox.documentation.spring.web.SpringfoxWebMvcConfiguration: BeanPostProcessor before instantiation of bean failed; nested exception is org.springframework.beans.factory.BeanCreationException: Error creating bean with name 'org.springframework.transaction.annotation.ProxyTransactionManagementConfiguration': Initialization of bean failed; nested exception is java.lang.IllegalArgumentException: error at ::0 formal unbound in pointcut 
	at org.springframework.beans.factory.support.AbstractAutowireCapableBeanFactory.createBean(AbstractAutowireCapableBeanFactory.java:496) ~[spring-beans-5.0.5.RELEASE.jar:5.0.5.RELEASE]
	at org.springframework.beans.factory.support.AbstractBeanFactory.lambda$doGetBean$0(AbstractBeanFactory.java:317) ~[spring-beans-5.0.5.RELEASE.jar:5.0.5.RELEASE]
	at org.springframework.beans.factory.support.DefaultSingletonBeanRegistry.getSingleton(DefaultSingletonBeanRegistry.java:228) ~[spring-beans-5.0.5.RELEASE.jar:5.0.5.RELEASE]
	at org.springframework.beans.factory.support.AbstractBeanFactory.doGetBean(AbstractBeanFactory.java:315) ~[spring-beans-5.0.5.RELEASE.jar:5.0.5.RELEASE]
	at org.springframework.beans.factory.support.AbstractBeanFactory.getBean(AbstractBeanFactory.java:204) ~[spring-beans-5.0.5.RELEASE.jar:5.0.5.RELEASE]
	at org.springframework.context.support.PostProcessorRegistrationDelegate.registerBeanPostProcessors(PostProcessorRegistrationDelegate.java:238) ~[spring-context-5.0.5.RELEASE.jar:5.0.5.RELEASE]
	at org.springframework.context.support.AbstractApplicationContext.registerBeanPostProcessors(AbstractApplicationContext.java:710) ~[spring-context-5.0.5.RELEASE.jar:5.0.5.RELEASE]
	at org.springframework.context.support.AbstractApplicationContext.refresh(AbstractApplicationContext.java:535) ~[spring-context-5.0.5.RELEASE.jar:5.0.5.RELEASE]
	at org.springframework.boot.SpringApplication.refresh(SpringApplication.java:759) ~[spring-boot-2.0.1.RELEASE.jar:2.0.1.RELEASE]
	at org.springframework.boot.SpringApplication.refreshContext(SpringApplication.java:395) ~[spring-boot-2.0.1.RELEASE.jar:2.0.1.RELEASE]
	at org.springframework.boot.SpringApplication.run(SpringApplication.java:327) ~[spring-boot-2.0.1.RELEASE.jar:2.0.1.RELEASE]
	at org.springframework.boot.test.context.SpringBootContextLoader.loadContext(SpringBootContextLoader.java:138) [spring-boot-test-2.0.1.RELEASE.jar:2.0.1.RELEASE]
	at org.springframework.test.context.cache.DefaultCacheAwareContextLoaderDelegate.loadContextInternal(DefaultCacheAwareContextLoaderDelegate.java:99) [spring-test-5.0.5.RELEASE.jar:5.0.5.RELEASE]
	at org.springframework.test.context.cache.DefaultCacheAwareContextLoaderDelegate.loadContext(DefaultCacheAwareContextLoaderDelegate.java:117) [spring-test-5.0.5.RELEASE.jar:5.0.5.RELEASE]
	at org.springframework.test.context.support.DefaultTestContext.getApplicationContext(DefaultTestContext.java:108) [spring-test-5.0.5.RELEASE.jar:5.0.5.RELEASE]
	at org.springframework.test.context.web.ServletTestExecutionListener.setUpRequestContextIfNecessary(ServletTestExecutionListener.java:190) [spring-test-5.0.5.RELEASE.jar:5.0.5.RELEASE]
	at org.springframework.test.context.web.ServletTestExecutionListener.prepareTestInstance(ServletTestExecutionListener.java:132) [spring-test-5.0.5.RELEASE.jar:5.0.5.RELEASE]
	at org.springframework.test.context.TestContextManager.prepareTestInstance(TestContextManager.java:246) [spring-test-5.0.5.RELEASE.jar:5.0.5.RELEASE]
	at org.springframework.test.context.junit4.SpringJUnit4ClassRunner.createTest(SpringJUnit4ClassRunner.java:227) [spring-test-5.0.5.RELEASE.jar:5.0.5.RELEASE]
	at org.springframework.test.context.junit4.SpringJUnit4ClassRunner$1.runReflectiveCall(SpringJUnit4ClassRunner.java:289) [spring-test-5.0.5.RELEASE.jar:5.0.5.RELEASE]
	at org.junit.internal.runners.model.ReflectiveCallable.run(ReflectiveCallable.java:12) [junit-4.12.jar:4.12]
	at org.springframework.test.context.junit4.SpringJUnit4ClassRunner.methodBlock(SpringJUnit4ClassRunner.java:291) [spring-test-5.0.5.RELEASE.jar:5.0.5.RELEASE]
	at org.springframework.test.context.junit4.SpringJUnit4ClassRunner.runChild(SpringJUnit4ClassRunner.java:246) [spring-test-5.0.5.RELEASE.jar:5.0.5.RELEASE]
	at org.springframework.test.context.junit4.SpringJUnit4ClassRunner.runChild(SpringJUnit4ClassRunner.java:97) [spring-test-5.0.5.RELEASE.jar:5.0.5.RELEASE]
	at org.junit.runners.ParentRunner$3.run(ParentRunner.java:290) [junit-4.12.jar:4.12]
	at org.junit.runners.ParentRunner$1.schedule(ParentRunner.java:71) [junit-4.12.jar:4.12]
	at org.junit.runners.ParentRunner.runChildren(ParentRunner.java:288) [junit-4.12.jar:4.12]
	at org.junit.runners.ParentRunner.access$000(ParentRunner.java:58) [junit-4.12.jar:4.12]
	at org.junit.runners.ParentRunner$2.evaluate(ParentRunner.java:268) [junit-4.12.jar:4.12]
	at org.springframework.test.context.junit4.statements.RunBeforeTestClassCallbacks.evaluate(RunBeforeTestClassCallbacks.java:61) [spring-test-5.0.5.RELEASE.jar:5.0.5.RELEASE]
	at org.springframework.test.context.junit4.statements.RunAfterTestClassCallbacks.evaluate(RunAfterTestClassCallbacks.java:70) [spring-test-5.0.5.RELEASE.jar:5.0.5.RELEASE]
	at org.junit.runners.ParentRunner.run(ParentRunner.java:363) [junit-4.12.jar:4.12]
	at org.springframework.test.context.junit4.SpringJUnit4ClassRunner.run(SpringJUnit4ClassRunner.java:190) [spring-test-5.0.5.RELEASE.jar:5.0.5.RELEASE]
	at org.gradle.api.internal.tasks.testing.junit.JUnitTestClassExecutor.runTestClass(JUnitTestClassExecutor.java:116) [gradle-testing-jvm-4.6.jar:4.6]
	at org.gradle.api.internal.tasks.testing.junit.JUnitTestClassExecutor.execute(JUnitTestClassExecutor.java:59) [gradle-testing-jvm-4.6.jar:4.6]
	at org.gradle.api.internal.tasks.testing.junit.JUnitTestClassExecutor.execute(JUnitTestClassExecutor.java:39) [gradle-testing-jvm-4.6.jar:4.6]
	at org.gradle.api.internal.tasks.testing.junit.AbstractJUnitTestClassProcessor.processTestClass(AbstractJUnitTestClassProcessor.java:66) [gradle-testing-jvm-4.6.jar:4.6]
	at org.gradle.api.internal.tasks.testing.SuiteTestClassProcessor.processTestClass(SuiteTestClassProcessor.java:51) [gradle-testing-base-4.6.jar:4.6]
	at sun.reflect.NativeMethodAccessorImpl.invoke0(Native Method) ~[na:1.8.0_112]
	at sun.reflect.NativeMethodAccessorImpl.invoke(NativeMethodAccessorImpl.java:62) ~[na:1.8.0_112]
	at sun.reflect.DelegatingMethodAccessorImpl.invoke(DelegatingMethodAccessorImpl.java:43) ~[na:1.8.0_112]
	at java.lang.reflect.Method.invoke(Method.java:498) ~[na:1.8.0_112]
	at org.gradle.internal.dispatch.ReflectionDispatch.dispatch(ReflectionDispatch.java:35) [gradle-messaging-4.6.jar:4.6]
	at org.gradle.internal.dispatch.ReflectionDispatch.dispatch(ReflectionDispatch.java:24) [gradle-messaging-4.6.jar:4.6]
	at org.gradle.internal.dispatch.ContextClassLoaderDispatch.dispatch(ContextClassLoaderDispatch.java:32) [gradle-messaging-4.6.jar:4.6]
	at org.gradle.internal.dispatch.ProxyDispatchAdapter$DispatchingInvocationHandler.invoke(ProxyDispatchAdapter.java:93) [gradle-messaging-4.6.jar:4.6]
	at com.sun.proxy.$Proxy1.processTestClass(Unknown Source) [na:na]
	at org.gradle.api.internal.tasks.testing.worker.TestWorker.processTestClass(TestWorker.java:109) [gradle-testing-base-4.6.jar:4.6]
	at sun.reflect.NativeMethodAccessorImpl.invoke0(Native Method) ~[na:1.8.0_112]
	at sun.reflect.NativeMethodAccessorImpl.invoke(NativeMethodAccessorImpl.java:62) ~[na:1.8.0_112]
	at sun.reflect.DelegatingMethodAccessorImpl.invoke(DelegatingMethodAccessorImpl.java:43) ~[na:1.8.0_112]
	at java.lang.reflect.Method.invoke(Method.java:498) ~[na:1.8.0_112]
	at org.gradle.internal.dispatch.ReflectionDispatch.dispatch(ReflectionDispatch.java:35) [gradle-messaging-4.6.jar:4.6]
	at org.gradle.internal.dispatch.ReflectionDispatch.dispatch(ReflectionDispatch.java:24) [gradle-messaging-4.6.jar:4.6]
	at org.gradle.internal.remote.internal.hub.MessageHubBackedObjectConnection$DispatchWrapper.dispatch(MessageHubBackedObjectConnection.java:146) [gradle-messaging-4.6.jar:4.6]
	at org.gradle.internal.remote.internal.hub.MessageHubBackedObjectConnection$DispatchWrapper.dispatch(MessageHubBackedObjectConnection.java:128) [gradle-messaging-4.6.jar:4.6]
	at org.gradle.internal.remote.internal.hub.MessageHub$Handler.run(MessageHub.java:404) [gradle-messaging-4.6.jar:4.6]
	at org.gradle.internal.concurrent.ExecutorPolicy$CatchAndRecordFailures.onExecute(ExecutorPolicy.java:63) [gradle-base-services-4.6.jar:4.6]
	at org.gradle.internal.concurrent.ManagedExecutorImpl$1.run(ManagedExecutorImpl.java:46) [gradle-base-services-4.6.jar:4.6]
	at java.util.concurrent.ThreadPoolExecutor.runWorker(ThreadPoolExecutor.java:1142) [na:1.8.0_112]
	at java.util.concurrent.ThreadPoolExecutor$Worker.run(ThreadPoolExecutor.java:617) [na:1.8.0_112]
	at org.gradle.internal.concurrent.ThreadFactoryImpl$ManagedThreadRunnable.run(ThreadFactoryImpl.java:55) [gradle-base-services-4.6.jar:4.6]
	at java.lang.Thread.run(Thread.java:745) [na:1.8.0_112]
Caused by: org.springframework.beans.factory.BeanCreationException: Error creating bean with name 'org.springframework.transaction.annotation.ProxyTransactionManagementConfiguration': Initialization of bean failed; nested exception is java.lang.IllegalArgumentException: error at ::0 formal unbound in pointcut 
	at org.springframework.beans.factory.support.AbstractAutowireCapableBeanFactory.doCreateBean(AbstractAutowireCapableBeanFactory.java:587) ~[spring-beans-5.0.5.RELEASE.jar:5.0.5.RELEASE]
	at org.springframework.beans.factory.support.AbstractAutowireCapableBeanFactory.createBean(AbstractAutowireCapableBeanFactory.java:501) ~[spring-beans-5.0.5.RELEASE.jar:5.0.5.RELEASE]
	at org.springframework.beans.factory.support.AbstractBeanFactory.lambda$doGetBean$0(AbstractBeanFactory.java:317) ~[spring-beans-5.0.5.RELEASE.jar:5.0.5.RELEASE]
	at org.springframework.beans.factory.support.DefaultSingletonBeanRegistry.getSingleton(DefaultSingletonBeanRegistry.java:228) ~[spring-beans-5.0.5.RELEASE.jar:5.0.5.RELEASE]
	at org.springframework.beans.factory.support.AbstractBeanFactory.doGetBean(AbstractBeanFactory.java:315) ~[spring-beans-5.0.5.RELEASE.jar:5.0.5.RELEASE]
	at org.springframework.beans.factory.support.AbstractBeanFactory.getBean(AbstractBeanFactory.java:199) ~[spring-beans-5.0.5.RELEASE.jar:5.0.5.RELEASE]
	at org.springframework.beans.factory.support.ConstructorResolver.instantiateUsingFactoryMethod(ConstructorResolver.java:368) ~[spring-beans-5.0.5.RELEASE.jar:5.0.5.RELEASE]
	at org.springframework.beans.factory.support.AbstractAutowireCapableBeanFactory.instantiateUsingFactoryMethod(AbstractAutowireCapableBeanFactory.java:1250) ~[spring-beans-5.0.5.RELEASE.jar:5.0.5.RELEASE]
	at org.springframework.beans.factory.support.AbstractAutowireCapableBeanFactory.createBeanInstance(AbstractAutowireCapableBeanFactory.java:1099) ~[spring-beans-5.0.5.RELEASE.jar:5.0.5.RELEASE]
	at org.springframework.beans.factory.support.AbstractAutowireCapableBeanFactory.doCreateBean(AbstractAutowireCapableBeanFactory.java:541) ~[spring-beans-5.0.5.RELEASE.jar:5.0.5.RELEASE]
	at org.springframework.beans.factory.support.AbstractAutowireCapableBeanFactory.createBean(AbstractAutowireCapableBeanFactory.java:501) ~[spring-beans-5.0.5.RELEASE.jar:5.0.5.RELEASE]
	at org.springframework.beans.factory.support.AbstractBeanFactory.lambda$doGetBean$0(AbstractBeanFactory.java:317) ~[spring-beans-5.0.5.RELEASE.jar:5.0.5.RELEASE]
	at org.springframework.beans.factory.support.DefaultSingletonBeanRegistry.getSingleton(DefaultSingletonBeanRegistry.java:228) ~[spring-beans-5.0.5.RELEASE.jar:5.0.5.RELEASE]
	at org.springframework.beans.factory.support.AbstractBeanFactory.doGetBean(AbstractBeanFactory.java:315) ~[spring-beans-5.0.5.RELEASE.jar:5.0.5.RELEASE]
	at org.springframework.beans.factory.support.AbstractBeanFactory.getBean(AbstractBeanFactory.java:204) ~[spring-beans-5.0.5.RELEASE.jar:5.0.5.RELEASE]
	at org.springframework.aop.framework.autoproxy.BeanFactoryAdvisorRetrievalHelper.findAdvisorBeans(BeanFactoryAdvisorRetrievalHelper.java:94) ~[spring-aop-5.0.5.RELEASE.jar:5.0.5.RELEASE]
	at org.springframework.aop.framework.autoproxy.AbstractAdvisorAutoProxyCreator.findCandidateAdvisors(AbstractAdvisorAutoProxyCreator.java:109) ~[spring-aop-5.0.5.RELEASE.jar:5.0.5.RELEASE]
	at org.springframework.aop.aspectj.annotation.AnnotationAwareAspectJAutoProxyCreator.findCandidateAdvisors(AnnotationAwareAspectJAutoProxyCreator.java:92) ~[spring-aop-5.0.5.RELEASE.jar:5.0.5.RELEASE]
	at org.springframework.aop.aspectj.autoproxy.AspectJAwareAdvisorAutoProxyCreator.shouldSkip(AspectJAwareAdvisorAutoProxyCreator.java:101) ~[spring-aop-5.0.5.RELEASE.jar:5.0.5.RELEASE]
	at org.springframework.aop.framework.autoproxy.AbstractAutoProxyCreator.postProcessBeforeInstantiation(AbstractAutoProxyCreator.java:254) ~[spring-aop-5.0.5.RELEASE.jar:5.0.5.RELEASE]
	at org.springframework.beans.factory.support.AbstractAutowireCapableBeanFactory.applyBeanPostProcessorsBeforeInstantiation(AbstractAutowireCapableBeanFactory.java:1063) ~[spring-beans-5.0.5.RELEASE.jar:5.0.5.RELEASE]
	at org.springframework.beans.factory.support.AbstractAutowireCapableBeanFactory.resolveBeforeInstantiation(AbstractAutowireCapableBeanFactory.java:1036) ~[spring-beans-5.0.5.RELEASE.jar:5.0.5.RELEASE]
	at org.springframework.beans.factory.support.AbstractAutowireCapableBeanFactory.createBean(AbstractAutowireCapableBeanFactory.java:490) ~[spring-beans-5.0.5.RELEASE.jar:5.0.5.RELEASE]
	... 62 common frames omitted
Caused by: java.lang.IllegalArgumentException: error at ::0 formal unbound in pointcut 
	at org.aspectj.weaver.tools.PointcutParser.parsePointcutExpression(PointcutParser.java:319) ~[aspectjweaver-1.8.13.jar:1.8.13]
	at org.springframework.aop.aspectj.AspectJExpressionPointcut.buildPointcutExpression(AspectJExpressionPointcut.java:226) ~[spring-aop-5.0.5.RELEASE.jar:5.0.5.RELEASE]
	at org.springframework.aop.aspectj.AspectJExpressionPointcut.obtainPointcutExpression(AspectJExpressionPointcut.java:197) ~[spring-aop-5.0.5.RELEASE.jar:5.0.5.RELEASE]
	at org.springframework.aop.aspectj.AspectJExpressionPointcut.getClassFilter(AspectJExpressionPointcut.java:176) ~[spring-aop-5.0.5.RELEASE.jar:5.0.5.RELEASE]
	at org.springframework.aop.support.AopUtils.canApply(AopUtils.java:226) ~[spring-aop-5.0.5.RELEASE.jar:5.0.5.RELEASE]
	at org.springframework.aop.support.AopUtils.canApply(AopUtils.java:289) ~[spring-aop-5.0.5.RELEASE.jar:5.0.5.RELEASE]
	at org.springframework.aop.support.AopUtils.findAdvisorsThatCanApply(AopUtils.java:321) ~[spring-aop-5.0.5.RELEASE.jar:5.0.5.RELEASE]
	at org.springframework.aop.framework.autoproxy.AbstractAdvisorAutoProxyCreator.findAdvisorsThatCanApply(AbstractAdvisorAutoProxyCreator.java:126) ~[spring-aop-5.0.5.RELEASE.jar:5.0.5.RELEASE]
	at org.springframework.aop.framework.autoproxy.AbstractAdvisorAutoProxyCreator.findEligibleAdvisors(AbstractAdvisorAutoProxyCreator.java:95) ~[spring-aop-5.0.5.RELEASE.jar:5.0.5.RELEASE]
	at org.springframework.aop.framework.autoproxy.AbstractAdvisorAutoProxyCreator.getAdvicesAndAdvisorsForBean(AbstractAdvisorAutoProxyCreator.java:76) ~[spring-aop-5.0.5.RELEASE.jar:5.0.5.RELEASE]
	at org.springframework.aop.framework.autoproxy.AbstractAutoProxyCreator.wrapIfNecessary(AbstractAutoProxyCreator.java:352) ~[spring-aop-5.0.5.RELEASE.jar:5.0.5.RELEASE]
	at org.springframework.aop.framework.autoproxy.AbstractAutoProxyCreator.postProcessAfterInitialization(AbstractAutoProxyCreator.java:304) ~[spring-aop-5.0.5.RELEASE.jar:5.0.5.RELEASE]
	at org.springframework.beans.factory.support.AbstractAutowireCapableBeanFactory.applyBeanPostProcessorsAfterInitialization(AbstractAutowireCapableBeanFactory.java:437) ~[spring-beans-5.0.5.RELEASE.jar:5.0.5.RELEASE]
	at org.springframework.beans.factory.support.AbstractAutowireCapableBeanFactory.initializeBean(AbstractAutowireCapableBeanFactory.java:1706) ~[spring-beans-5.0.5.RELEASE.jar:5.0.5.RELEASE]
	at org.springframework.beans.factory.support.AbstractAutowireCapableBeanFactory.doCreateBean(AbstractAutowireCapableBeanFactory.java:579) ~[spring-beans-5.0.5.RELEASE.jar:5.0.5.RELEASE]
	... 84 common frames omitted

2018-05-02 12:52:04.378 ERROR 18524 --- [    Test worker] o.s.test.context.TestContextManager      : Caught exception while allowing TestExecutionListener [org.springframework.test.context.web.ServletTestExecutionListener@40143806] to prepare test instance [com.gjf.config.ConfigTest@5abe2b5]

java.lang.IllegalStateException: Failed to load ApplicationContext
	at org.springframework.test.context.cache.DefaultCacheAwareContextLoaderDelegate.loadContext(DefaultCacheAwareContextLoaderDelegate.java:125) ~[spring-test-5.0.5.RELEASE.jar:5.0.5.RELEASE]
	at org.springframework.test.context.support.DefaultTestContext.getApplicationContext(DefaultTestContext.java:108) ~[spring-test-5.0.5.RELEASE.jar:5.0.5.RELEASE]
	at org.springframework.test.context.web.ServletTestExecutionListener.setUpRequestContextIfNecessary(ServletTestExecutionListener.java:190) ~[spring-test-5.0.5.RELEASE.jar:5.0.5.RELEASE]
	at org.springframework.test.context.web.ServletTestExecutionListener.prepareTestInstance(ServletTestExecutionListener.java:132) ~[spring-test-5.0.5.RELEASE.jar:5.0.5.RELEASE]
	at org.springframework.test.context.TestContextManager.prepareTestInstance(TestContextManager.java:246) ~[spring-test-5.0.5.RELEASE.jar:5.0.5.RELEASE]
	at org.springframework.test.context.junit4.SpringJUnit4ClassRunner.createTest(SpringJUnit4ClassRunner.java:227) [spring-test-5.0.5.RELEASE.jar:5.0.5.RELEASE]
	at org.springframework.test.context.junit4.SpringJUnit4ClassRunner$1.runReflectiveCall(SpringJUnit4ClassRunner.java:289) [spring-test-5.0.5.RELEASE.jar:5.0.5.RELEASE]
	at org.junit.internal.runners.model.ReflectiveCallable.run(ReflectiveCallable.java:12) [junit-4.12.jar:4.12]
	at org.springframework.test.context.junit4.SpringJUnit4ClassRunner.methodBlock(SpringJUnit4ClassRunner.java:291) [spring-test-5.0.5.RELEASE.jar:5.0.5.RELEASE]
	at org.springframework.test.context.junit4.SpringJUnit4ClassRunner.runChild(SpringJUnit4ClassRunner.java:246) [spring-test-5.0.5.RELEASE.jar:5.0.5.RELEASE]
	at org.springframework.test.context.junit4.SpringJUnit4ClassRunner.runChild(SpringJUnit4ClassRunner.java:97) [spring-test-5.0.5.RELEASE.jar:5.0.5.RELEASE]
	at org.junit.runners.ParentRunner$3.run(ParentRunner.java:290) [junit-4.12.jar:4.12]
	at org.junit.runners.ParentRunner$1.schedule(ParentRunner.java:71) [junit-4.12.jar:4.12]
	at org.junit.runners.ParentRunner.runChildren(ParentRunner.java:288) [junit-4.12.jar:4.12]
	at org.junit.runners.ParentRunner.access$000(ParentRunner.java:58) [junit-4.12.jar:4.12]
	at org.junit.runners.ParentRunner$2.evaluate(ParentRunner.java:268) [junit-4.12.jar:4.12]
	at org.springframework.test.context.junit4.statements.RunBeforeTestClassCallbacks.evaluate(RunBeforeTestClassCallbacks.java:61) [spring-test-5.0.5.RELEASE.jar:5.0.5.RELEASE]
	at org.springframework.test.context.junit4.statements.RunAfterTestClassCallbacks.evaluate(RunAfterTestClassCallbacks.java:70) [spring-test-5.0.5.RELEASE.jar:5.0.5.RELEASE]
	at org.junit.runners.ParentRunner.run(ParentRunner.java:363) [junit-4.12.jar:4.12]
	at org.springframework.test.context.junit4.SpringJUnit4ClassRunner.run(SpringJUnit4ClassRunner.java:190) [spring-test-5.0.5.RELEASE.jar:5.0.5.RELEASE]
	at org.gradle.api.internal.tasks.testing.junit.JUnitTestClassExecutor.runTestClass(JUnitTestClassExecutor.java:116) [gradle-testing-jvm-4.6.jar:4.6]
	at org.gradle.api.internal.tasks.testing.junit.JUnitTestClassExecutor.execute(JUnitTestClassExecutor.java:59) [gradle-testing-jvm-4.6.jar:4.6]
	at org.gradle.api.internal.tasks.testing.junit.JUnitTestClassExecutor.execute(JUnitTestClassExecutor.java:39) [gradle-testing-jvm-4.6.jar:4.6]
	at org.gradle.api.internal.tasks.testing.junit.AbstractJUnitTestClassProcessor.processTestClass(AbstractJUnitTestClassProcessor.java:66) [gradle-testing-jvm-4.6.jar:4.6]
	at org.gradle.api.internal.tasks.testing.SuiteTestClassProcessor.processTestClass(SuiteTestClassProcessor.java:51) [gradle-testing-base-4.6.jar:4.6]
	at sun.reflect.NativeMethodAccessorImpl.invoke0(Native Method) ~[na:1.8.0_112]
	at sun.reflect.NativeMethodAccessorImpl.invoke(NativeMethodAccessorImpl.java:62) ~[na:1.8.0_112]
	at sun.reflect.DelegatingMethodAccessorImpl.invoke(DelegatingMethodAccessorImpl.java:43) ~[na:1.8.0_112]
	at java.lang.reflect.Method.invoke(Method.java:498) ~[na:1.8.0_112]
	at org.gradle.internal.dispatch.ReflectionDispatch.dispatch(ReflectionDispatch.java:35) [gradle-messaging-4.6.jar:4.6]
	at org.gradle.internal.dispatch.ReflectionDispatch.dispatch(ReflectionDispatch.java:24) [gradle-messaging-4.6.jar:4.6]
	at org.gradle.internal.dispatch.ContextClassLoaderDispatch.dispatch(ContextClassLoaderDispatch.java:32) [gradle-messaging-4.6.jar:4.6]
	at org.gradle.internal.dispatch.ProxyDispatchAdapter$DispatchingInvocationHandler.invoke(ProxyDispatchAdapter.java:93) [gradle-messaging-4.6.jar:4.6]
	at com.sun.proxy.$Proxy1.processTestClass(Unknown Source) [na:na]
	at org.gradle.api.internal.tasks.testing.worker.TestWorker.processTestClass(TestWorker.java:109) [gradle-testing-base-4.6.jar:4.6]
	at sun.reflect.NativeMethodAccessorImpl.invoke0(Native Method) ~[na:1.8.0_112]
	at sun.reflect.NativeMethodAccessorImpl.invoke(NativeMethodAccessorImpl.java:62) ~[na:1.8.0_112]
	at sun.reflect.DelegatingMethodAccessorImpl.invoke(DelegatingMethodAccessorImpl.java:43) ~[na:1.8.0_112]
	at java.lang.reflect.Method.invoke(Method.java:498) ~[na:1.8.0_112]
	at org.gradle.internal.dispatch.ReflectionDispatch.dispatch(ReflectionDispatch.java:35) [gradle-messaging-4.6.jar:4.6]
	at org.gradle.internal.dispatch.ReflectionDispatch.dispatch(ReflectionDispatch.java:24) [gradle-messaging-4.6.jar:4.6]
	at org.gradle.internal.remote.internal.hub.MessageHubBackedObjectConnection$DispatchWrapper.dispatch(MessageHubBackedObjectConnection.java:146) [gradle-messaging-4.6.jar:4.6]
	at org.gradle.internal.remote.internal.hub.MessageHubBackedObjectConnection$DispatchWrapper.dispatch(MessageHubBackedObjectConnection.java:128) [gradle-messaging-4.6.jar:4.6]
	at org.gradle.internal.remote.internal.hub.MessageHub$Handler.run(MessageHub.java:404) [gradle-messaging-4.6.jar:4.6]
	at org.gradle.internal.concurrent.ExecutorPolicy$CatchAndRecordFailures.onExecute(ExecutorPolicy.java:63) [gradle-base-services-4.6.jar:4.6]
	at org.gradle.internal.concurrent.ManagedExecutorImpl$1.run(ManagedExecutorImpl.java:46) [gradle-base-services-4.6.jar:4.6]
	at java.util.concurrent.ThreadPoolExecutor.runWorker(ThreadPoolExecutor.java:1142) [na:1.8.0_112]
	at java.util.concurrent.ThreadPoolExecutor$Worker.run(ThreadPoolExecutor.java:617) [na:1.8.0_112]
	at org.gradle.internal.concurrent.ThreadFactoryImpl$ManagedThreadRunnable.run(ThreadFactoryImpl.java:55) [gradle-base-services-4.6.jar:4.6]
	at java.lang.Thread.run(Thread.java:745) [na:1.8.0_112]
Caused by: org.springframework.beans.factory.BeanCreationException: Error creating bean with name 'objectMapperConfigurer' defined in springfox.documentation.spring.web.SpringfoxWebMvcConfiguration: BeanPostProcessor before instantiation of bean failed; nested exception is org.springframework.beans.factory.BeanCreationException: Error creating bean with name 'org.springframework.transaction.annotation.ProxyTransactionManagementConfiguration': Initialization of bean failed; nested exception is java.lang.IllegalArgumentException: error at ::0 formal unbound in pointcut 
	at org.springframework.beans.factory.support.AbstractAutowireCapableBeanFactory.createBean(AbstractAutowireCapableBeanFactory.java:496) ~[spring-beans-5.0.5.RELEASE.jar:5.0.5.RELEASE]
	at org.springframework.beans.factory.support.AbstractBeanFactory.lambda$doGetBean$0(AbstractBeanFactory.java:317) ~[spring-beans-5.0.5.RELEASE.jar:5.0.5.RELEASE]
	at org.springframework.beans.factory.support.DefaultSingletonBeanRegistry.getSingleton(DefaultSingletonBeanRegistry.java:228) ~[spring-beans-5.0.5.RELEASE.jar:5.0.5.RELEASE]
	at org.springframework.beans.factory.support.AbstractBeanFactory.doGetBean(AbstractBeanFactory.java:315) ~[spring-beans-5.0.5.RELEASE.jar:5.0.5.RELEASE]
	at org.springframework.beans.factory.support.AbstractBeanFactory.getBean(AbstractBeanFactory.java:204) ~[spring-beans-5.0.5.RELEASE.jar:5.0.5.RELEASE]
	at org.springframework.context.support.PostProcessorRegistrationDelegate.registerBeanPostProcessors(PostProcessorRegistrationDelegate.java:238) ~[spring-context-5.0.5.RELEASE.jar:5.0.5.RELEASE]
	at org.springframework.context.support.AbstractApplicationContext.registerBeanPostProcessors(AbstractApplicationContext.java:710) ~[spring-context-5.0.5.RELEASE.jar:5.0.5.RELEASE]
	at org.springframework.context.support.AbstractApplicationContext.refresh(AbstractApplicationContext.java:535) ~[spring-context-5.0.5.RELEASE.jar:5.0.5.RELEASE]
	at org.springframework.boot.SpringApplication.refresh(SpringApplication.java:759) ~[spring-boot-2.0.1.RELEASE.jar:2.0.1.RELEASE]
	at org.springframework.boot.SpringApplication.refreshContext(SpringApplication.java:395) ~[spring-boot-2.0.1.RELEASE.jar:2.0.1.RELEASE]
	at org.springframework.boot.SpringApplication.run(SpringApplication.java:327) ~[spring-boot-2.0.1.RELEASE.jar:2.0.1.RELEASE]
	at org.springframework.boot.test.context.SpringBootContextLoader.loadContext(SpringBootContextLoader.java:138) ~[spring-boot-test-2.0.1.RELEASE.jar:2.0.1.RELEASE]
	at org.springframework.test.context.cache.DefaultCacheAwareContextLoaderDelegate.loadContextInternal(DefaultCacheAwareContextLoaderDelegate.java:99) ~[spring-test-5.0.5.RELEASE.jar:5.0.5.RELEASE]
	at org.springframework.test.context.cache.DefaultCacheAwareContextLoaderDelegate.loadContext(DefaultCacheAwareContextLoaderDelegate.java:117) ~[spring-test-5.0.5.RELEASE.jar:5.0.5.RELEASE]
	... 49 common frames omitted
Caused by: org.springframework.beans.factory.BeanCreationException: Error creating bean with name 'org.springframework.transaction.annotation.ProxyTransactionManagementConfiguration': Initialization of bean failed; nested exception is java.lang.IllegalArgumentException: error at ::0 formal unbound in pointcut 
	at org.springframework.beans.factory.support.AbstractAutowireCapableBeanFactory.doCreateBean(AbstractAutowireCapableBeanFactory.java:587) ~[spring-beans-5.0.5.RELEASE.jar:5.0.5.RELEASE]
	at org.springframework.beans.factory.support.AbstractAutowireCapableBeanFactory.createBean(AbstractAutowireCapableBeanFactory.java:501) ~[spring-beans-5.0.5.RELEASE.jar:5.0.5.RELEASE]
	at org.springframework.beans.factory.support.AbstractBeanFactory.lambda$doGetBean$0(AbstractBeanFactory.java:317) ~[spring-beans-5.0.5.RELEASE.jar:5.0.5.RELEASE]
	at org.springframework.beans.factory.support.DefaultSingletonBeanRegistry.getSingleton(DefaultSingletonBeanRegistry.java:228) ~[spring-beans-5.0.5.RELEASE.jar:5.0.5.RELEASE]
	at org.springframework.beans.factory.support.AbstractBeanFactory.doGetBean(AbstractBeanFactory.java:315) ~[spring-beans-5.0.5.RELEASE.jar:5.0.5.RELEASE]
	at org.springframework.beans.factory.support.AbstractBeanFactory.getBean(AbstractBeanFactory.java:199) ~[spring-beans-5.0.5.RELEASE.jar:5.0.5.RELEASE]
	at org.springframework.beans.factory.support.ConstructorResolver.instantiateUsingFactoryMethod(ConstructorResolver.java:368) ~[spring-beans-5.0.5.RELEASE.jar:5.0.5.RELEASE]
	at org.springframework.beans.factory.support.AbstractAutowireCapableBeanFactory.instantiateUsingFactoryMethod(AbstractAutowireCapableBeanFactory.java:1250) ~[spring-beans-5.0.5.RELEASE.jar:5.0.5.RELEASE]
	at org.springframework.beans.factory.support.AbstractAutowireCapableBeanFactory.createBeanInstance(AbstractAutowireCapableBeanFactory.java:1099) ~[spring-beans-5.0.5.RELEASE.jar:5.0.5.RELEASE]
	at org.springframework.beans.factory.support.AbstractAutowireCapableBeanFactory.doCreateBean(AbstractAutowireCapableBeanFactory.java:541) ~[spring-beans-5.0.5.RELEASE.jar:5.0.5.RELEASE]
	at org.springframework.beans.factory.support.AbstractAutowireCapableBeanFactory.createBean(AbstractAutowireCapableBeanFactory.java:501) ~[spring-beans-5.0.5.RELEASE.jar:5.0.5.RELEASE]
	at org.springframework.beans.factory.support.AbstractBeanFactory.lambda$doGetBean$0(AbstractBeanFactory.java:317) ~[spring-beans-5.0.5.RELEASE.jar:5.0.5.RELEASE]
	at org.springframework.beans.factory.support.DefaultSingletonBeanRegistry.getSingleton(DefaultSingletonBeanRegistry.java:228) ~[spring-beans-5.0.5.RELEASE.jar:5.0.5.RELEASE]
	at org.springframework.beans.factory.support.AbstractBeanFactory.doGetBean(AbstractBeanFactory.java:315) ~[spring-beans-5.0.5.RELEASE.jar:5.0.5.RELEASE]
	at org.springframework.beans.factory.support.AbstractBeanFactory.getBean(AbstractBeanFactory.java:204) ~[spring-beans-5.0.5.RELEASE.jar:5.0.5.RELEASE]
	at org.springframework.aop.framework.autoproxy.BeanFactoryAdvisorRetrievalHelper.findAdvisorBeans(BeanFactoryAdvisorRetrievalHelper.java:94) ~[spring-aop-5.0.5.RELEASE.jar:5.0.5.RELEASE]
	at org.springframework.aop.framework.autoproxy.AbstractAdvisorAutoProxyCreator.findCandidateAdvisors(AbstractAdvisorAutoProxyCreator.java:109) ~[spring-aop-5.0.5.RELEASE.jar:5.0.5.RELEASE]
	at org.springframework.aop.aspectj.annotation.AnnotationAwareAspectJAutoProxyCreator.findCandidateAdvisors(AnnotationAwareAspectJAutoProxyCreator.java:92) ~[spring-aop-5.0.5.RELEASE.jar:5.0.5.RELEASE]
	at org.springframework.aop.aspectj.autoproxy.AspectJAwareAdvisorAutoProxyCreator.shouldSkip(AspectJAwareAdvisorAutoProxyCreator.java:101) ~[spring-aop-5.0.5.RELEASE.jar:5.0.5.RELEASE]
	at org.springframework.aop.framework.autoproxy.AbstractAutoProxyCreator.postProcessBeforeInstantiation(AbstractAutoProxyCreator.java:254) ~[spring-aop-5.0.5.RELEASE.jar:5.0.5.RELEASE]
	at org.springframework.beans.factory.support.AbstractAutowireCapableBeanFactory.applyBeanPostProcessorsBeforeInstantiation(AbstractAutowireCapableBeanFactory.java:1063) ~[spring-beans-5.0.5.RELEASE.jar:5.0.5.RELEASE]
	at org.springframework.beans.factory.support.AbstractAutowireCapableBeanFactory.resolveBeforeInstantiation(AbstractAutowireCapableBeanFactory.java:1036) ~[spring-beans-5.0.5.RELEASE.jar:5.0.5.RELEASE]
	at org.springframework.beans.factory.support.AbstractAutowireCapableBeanFactory.createBean(AbstractAutowireCapableBeanFactory.java:490) ~[spring-beans-5.0.5.RELEASE.jar:5.0.5.RELEASE]
	... 62 common frames omitted
Caused by: java.lang.IllegalArgumentException: error at ::0 formal unbound in pointcut 
	at org.aspectj.weaver.tools.PointcutParser.parsePointcutExpression(PointcutParser.java:319) ~[aspectjweaver-1.8.13.jar:1.8.13]
	at org.springframework.aop.aspectj.AspectJExpressionPointcut.buildPointcutExpression(AspectJExpressionPointcut.java:226) ~[spring-aop-5.0.5.RELEASE.jar:5.0.5.RELEASE]
	at org.springframework.aop.aspectj.AspectJExpressionPointcut.obtainPointcutExpression(AspectJExpressionPointcut.java:197) ~[spring-aop-5.0.5.RELEASE.jar:5.0.5.RELEASE]
	at org.springframework.aop.aspectj.AspectJExpressionPointcut.getClassFilter(AspectJExpressionPointcut.java:176) ~[spring-aop-5.0.5.RELEASE.jar:5.0.5.RELEASE]
	at org.springframework.aop.support.AopUtils.canApply(AopUtils.java:226) ~[spring-aop-5.0.5.RELEASE.jar:5.0.5.RELEASE]
	at org.springframework.aop.support.AopUtils.canApply(AopUtils.java:289) ~[spring-aop-5.0.5.RELEASE.jar:5.0.5.RELEASE]
	at org.springframework.aop.support.AopUtils.findAdvisorsThatCanApply(AopUtils.java:321) ~[spring-aop-5.0.5.RELEASE.jar:5.0.5.RELEASE]
	at org.springframework.aop.framework.autoproxy.AbstractAdvisorAutoProxyCreator.findAdvisorsThatCanApply(AbstractAdvisorAutoProxyCreator.java:126) ~[spring-aop-5.0.5.RELEASE.jar:5.0.5.RELEASE]
	at org.springframework.aop.framework.autoproxy.AbstractAdvisorAutoProxyCreator.findEligibleAdvisors(AbstractAdvisorAutoProxyCreator.java:95) ~[spring-aop-5.0.5.RELEASE.jar:5.0.5.RELEASE]
	at org.springframework.aop.framework.autoproxy.AbstractAdvisorAutoProxyCreator.getAdvicesAndAdvisorsForBean(AbstractAdvisorAutoProxyCreator.java:76) ~[spring-aop-5.0.5.RELEASE.jar:5.0.5.RELEASE]
	at org.springframework.aop.framework.autoproxy.AbstractAutoProxyCreator.wrapIfNecessary(AbstractAutoProxyCreator.java:352) ~[spring-aop-5.0.5.RELEASE.jar:5.0.5.RELEASE]
	at org.springframework.aop.framework.autoproxy.AbstractAutoProxyCreator.postProcessAfterInitialization(AbstractAutoProxyCreator.java:304) ~[spring-aop-5.0.5.RELEASE.jar:5.0.5.RELEASE]
	at org.springframework.beans.factory.support.AbstractAutowireCapableBeanFactory.applyBeanPostProcessorsAfterInitialization(AbstractAutowireCapableBeanFactory.java:437) ~[spring-beans-5.0.5.RELEASE.jar:5.0.5.RELEASE]
	at org.springframework.beans.factory.support.AbstractAutowireCapableBeanFactory.initializeBean(AbstractAutowireCapableBeanFactory.java:1706) ~[spring-beans-5.0.5.RELEASE.jar:5.0.5.RELEASE]
	at org.springframework.beans.factory.support.AbstractAutowireCapableBeanFactory.doCreateBean(AbstractAutowireCapableBeanFactory.java:579) ~[spring-beans-5.0.5.RELEASE.jar:5.0.5.RELEASE]
	... 84 common frames omitted

]]></system-out>
  <system-err><![CDATA[]]></system-err>
</testsuite>
