<?xml version="1.0" encoding="UTF-8"?>
<testsuite name="com.gjf.utils.JwtKitTest" tests="1" skipped="0" failures="0" errors="0" timestamp="2018-05-14T13:47:24" hostname="GJF" time="0.927">
  <properties/>
  <testcase name="testGenerateToken" classname="com.gjf.utils.JwtKitTest" time="0.927"/>
  <system-out><![CDATA[2018-05-14 21:47:24.659  INFO 30408 --- [    Test worker] .b.t.c.SpringBootTestContextBootstrapper : Neither @ContextConfiguration nor @ContextHierarchy found for test class [com.gjf.utils.JwtKitTest], using SpringBootContextLoader
2018-05-14 21:47:24.660  INFO 30408 --- [    Test worker] o.s.t.c.support.AbstractContextLoader    : Could not detect default resource locations for test class [com.gjf.utils.JwtKitTest]: no resource found for suffixes {-context.xml, Context.groovy}.
2018-05-14 21:47:24.668  INFO 30408 --- [    Test worker] .b.t.c.SpringBootTestContextBootstrapper : Loaded default TestExecutionListener class names from location [META-INF/spring.factories]: [org.springframework.boot.test.autoconfigure.restdocs.RestDocsTestExecutionListener, org.springframework.boot.test.autoconfigure.web.client.MockRestServiceServerResetTestExecutionListener, org.springframework.boot.test.autoconfigure.web.servlet.MockMvcPrintOnlyOnFailureTestExecutionListener, org.springframework.boot.test.autoconfigure.web.servlet.WebDriverTestExecutionListener, org.springframework.boot.test.mock.mockito.MockitoTestExecutionListener, org.springframework.boot.test.mock.mockito.ResetMocksTestExecutionListener, org.springframework.test.context.web.ServletTestExecutionListener, org.springframework.test.context.support.DirtiesContextBeforeModesTestExecutionListener, org.springframework.test.context.support.DependencyInjectionTestExecutionListener, org.springframework.test.context.support.DirtiesContextTestExecutionListener, org.springframework.test.context.transaction.TransactionalTestExecutionListener, org.springframework.test.context.jdbc.SqlScriptsTestExecutionListener]
2018-05-14 21:47:24.669  INFO 30408 --- [    Test worker] .b.t.c.SpringBootTestContextBootstrapper : Using TestExecutionListeners: [org.springframework.test.context.web.ServletTestExecutionListener@1e3203ba, org.springframework.test.context.support.DirtiesContextBeforeModesTestExecutionListener@14c7cf42, org.springframework.boot.test.mock.mockito.MockitoTestExecutionListener@5a420dc5, org.springframework.boot.test.autoconfigure.SpringBootDependencyInjectionTestExecutionListener@67048c8b, org.springframework.test.context.support.DirtiesContextTestExecutionListener@69256c02, org.springframework.test.context.transaction.TransactionalTestExecutionListener@43b213bb, org.springframework.test.context.jdbc.SqlScriptsTestExecutionListener@954022d, org.springframework.boot.test.autoconfigure.restdocs.RestDocsTestExecutionListener@4af7b758, org.springframework.boot.test.autoconfigure.web.client.MockRestServiceServerResetTestExecutionListener@8709778, org.springframework.boot.test.autoconfigure.web.servlet.MockMvcPrintOnlyOnFailureTestExecutionListener@5b0c7206, org.springframework.boot.test.autoconfigure.web.servlet.WebDriverTestExecutionListener@72e05620, org.springframework.boot.test.mock.mockito.ResetMocksTestExecutionListener@5da7253]
eyJhbGciOiJIUzUxMiJ9.eyJqdGkiOiIxIiwiZXhwIjoxNTI2MzA1Njk0fQ.LPbP3PWEs27t4nNky8WryI2JDAs4uDAazu4xNEXtgA3HhWT0VmDiFjgkpjDM_SKv9t5MmPn_GRNhnmGh-c4ujQ
1
]]></system-out>
  <system-err><![CDATA[]]></system-err>
</testsuite>
