<?xml version="1.0" encoding="UTF-8"?>
<testsuite name="com.gjf.redisTest.TestRedis" tests="1" skipped="0" failures="0" errors="0" timestamp="2018-05-14T13:47:11" hostname="GJF" time="2.036">
  <properties/>
  <testcase name="test" classname="com.gjf.redisTest.TestRedis" time="2.036"/>
  <system-out><![CDATA[2018-05-14 21:47:11.108  INFO 30408 --- [    Test worker] .b.t.c.SpringBootTestContextBootstrapper : Neither @ContextConfiguration nor @ContextHierarchy found for test class [com.gjf.redisTest.TestRedis], using SpringBootContextLoader
2018-05-14 21:47:11.109  INFO 30408 --- [    Test worker] o.s.t.c.support.AbstractContextLoader    : Could not detect default resource locations for test class [com.gjf.redisTest.TestRedis]: no resource found for suffixes {-context.xml, Context.groovy}.
2018-05-14 21:47:11.117  INFO 30408 --- [    Test worker] .b.t.c.SpringBootTestContextBootstrapper : Loaded default TestExecutionListener class names from location [META-INF/spring.factories]: [org.springframework.boot.test.autoconfigure.restdocs.RestDocsTestExecutionListener, org.springframework.boot.test.autoconfigure.web.client.MockRestServiceServerResetTestExecutionListener, org.springframework.boot.test.autoconfigure.web.servlet.MockMvcPrintOnlyOnFailureTestExecutionListener, org.springframework.boot.test.autoconfigure.web.servlet.WebDriverTestExecutionListener, org.springframework.boot.test.mock.mockito.MockitoTestExecutionListener, org.springframework.boot.test.mock.mockito.ResetMocksTestExecutionListener, org.springframework.test.context.web.ServletTestExecutionListener, org.springframework.test.context.support.DirtiesContextBeforeModesTestExecutionListener, org.springframework.test.context.support.DependencyInjectionTestExecutionListener, org.springframework.test.context.support.DirtiesContextTestExecutionListener, org.springframework.test.context.transaction.TransactionalTestExecutionListener, org.springframework.test.context.jdbc.SqlScriptsTestExecutionListener]
2018-05-14 21:47:11.118  INFO 30408 --- [    Test worker] .b.t.c.SpringBootTestContextBootstrapper : Using TestExecutionListeners: [org.springframework.test.context.web.ServletTestExecutionListener@cca12d2, org.springframework.test.context.support.DirtiesContextBeforeModesTestExecutionListener@506186ba, org.springframework.boot.test.mock.mockito.MockitoTestExecutionListener@7ea0d06, org.springframework.boot.test.autoconfigure.SpringBootDependencyInjectionTestExecutionListener@3ad21d73, org.springframework.test.context.support.DirtiesContextTestExecutionListener@66d2d479, org.springframework.test.context.transaction.TransactionalTestExecutionListener@3adaca4f, org.springframework.test.context.jdbc.SqlScriptsTestExecutionListener@6d8f622f, org.springframework.boot.test.autoconfigure.restdocs.RestDocsTestExecutionListener@479cd368, org.springframework.boot.test.autoconfigure.web.client.MockRestServiceServerResetTestExecutionListener@379db6fe, org.springframework.boot.test.autoconfigure.web.servlet.MockMvcPrintOnlyOnFailureTestExecutionListener@5b798af0, org.springframework.boot.test.autoconfigure.web.servlet.WebDriverTestExecutionListener@4df105aa, org.springframework.boot.test.mock.mockito.ResetMocksTestExecutionListener@6c5798ef]
2018-05-14 21:47:11.445  INFO 30408 --- [    Test worker] io.lettuce.core.EpollProvider            : Starting without optional epoll library
2018-05-14 21:47:11.449  INFO 30408 --- [    Test worker] io.lettuce.core.KqueueProvider           : Starting without optional kqueue library
]]></system-out>
  <system-err><![CDATA[]]></system-err>
</testsuite>
