<?xml version="1.0" encoding="UTF-8"?>
<testsuite name="com.gjf.utils.PasswordHashTest" tests="1" skipped="0" failures="0" errors="0" timestamp="2018-05-14T13:47:25" hostname="GJF" time="1.411">
  <properties/>
  <testcase name="test" classname="com.gjf.utils.PasswordHashTest" time="1.411"/>
  <system-out><![CDATA[1000:11f6e89f6ab895043f62de924a5b0a2c04e02c9ec68e35e6:e95d5a719d0c5d0f9c2048b4c63397be7733df0c1dd56d1b
1000:d286605a76bf04216d0b26734770fa64ca223fd55cf781bf:52acfcd01f7db6955c39cb3429b69c79f81b66f56ba05807
1000:585f46ebee276edd26115188237b85b6ba4d17a9e4154691:8a1b7095e95d03af4574fe1676f511f99e0e3c06197d03a4
1000:801cacdddca4197c7ac8c9998532a72d0cc91487ef975bb3:5c7b1bc5cf8774299cf5ef23cdf88eea1c6f3c95f01562c0
1000:f1667c64682052b02531917427971ce0ce552f364ab5cdbd:6c67a84991ad8607159fe186037ae98dd63a8fe74dfdd97d
1000:b13ee48598961b880fe604b87385ef9ad1fd08808a3a62ed:bdbec84a1b6d4d797e50ea51c7765a64d874f10890a07fdb
1000:698ba01d9142c8d3042e56e633f5e45cb3d538264d36d9f9:0f498e7f583a2c46c1f0f044c43640d54ebbad6706da9d6a
1000:bcf3d01291d04720acc62d2aac79508e63945d09d0262a34:b43d4a267965b5fef34e9b60aedced3c8b2a43b7c1c4dee1
1000:0fb991223d2eaff6ab2977989c0612656355e169e3129380:fa9df088c7f37a6ca8aea63f0ff5ada66ce0c58af52984a5
1000:45239c9d25b18261a1bbe66b36b1d21a4cf0cf45df09d4ad:036273975e58aa10fd277d20f8737011a64984af00fa05c4
Running tests...
TESTS PASSED!
]]></system-out>
  <system-err><![CDATA[]]></system-err>
</testsuite>
